<?xml version="1.0" encoding="UTF-8"?>
<coverage generated="1500303364489" clover="3.2.0">
  <project timestamp="1500303364490" name="All files">
    <metrics statements="394" coveredstatements="179" conditionals="186" coveredconditionals="48" methods="138" coveredmethods="45" elements="718" coveredelements="272" complexity="0" loc="394" ncloc="394" packages="11" files="44" classes="44">
      <package name="Compass-Native">
        <metrics statements="1" coveredstatements="1" conditionals="0" coveredconditionals="0" methods="1" coveredmethods="1"/>
        <file name="App.js" path="/Users/kellanriley/kornershop/Compass-Native/App.js">
          <metrics statements="1" coveredstatements="1" conditionals="0" coveredconditionals="0" methods="1" coveredmethods="1"/>
          <line num="9" count="1" type="stmt"/>
        </file>
      </package>
      <package name="Compass-Native.src">
        <metrics statements="25" coveredstatements="11" conditionals="6" coveredconditionals="4" methods="9" coveredmethods="3"/>
        <file name="Main.js" path="/Users/kellanriley/kornershop/Compass-Native/src/Main.js">
          <metrics statements="25" coveredstatements="11" conditionals="6" coveredconditionals="4" methods="9" coveredmethods="3"/>
          <line num="32" count="4" type="stmt"/>
          <line num="33" count="4" type="stmt"/>
          <line num="37" count="4" type="stmt"/>
          <line num="40" count="4" type="stmt"/>
          <line num="44" count="0" type="stmt"/>
          <line num="45" count="0" type="stmt"/>
          <line num="48" count="0" type="stmt"/>
          <line num="49" count="0" type="stmt"/>
          <line num="50" count="0" type="stmt"/>
          <line num="53" count="0" type="cond" truecount="0" falsecount="2"/>
          <line num="54" count="0" type="stmt"/>
          <line num="57" count="0" type="stmt"/>
          <line num="60" count="0" type="stmt"/>
          <line num="64" count="0" type="stmt"/>
          <line num="67" count="0" type="stmt"/>
          <line num="72" count="0" type="stmt"/>
          <line num="75" count="0" type="stmt"/>
          <line num="80" count="4" type="stmt"/>
          <line num="84" count="0" type="stmt"/>
          <line num="91" count="8" type="cond" truecount="2" falsecount="0"/>
          <line num="92" count="4" type="stmt"/>
          <line num="98" count="4" type="cond" truecount="2" falsecount="0"/>
          <line num="104" count="2" type="stmt"/>
          <line num="109" count="2" type="stmt"/>
          <line num="117" count="2" type="stmt"/>
        </file>
      </package>
      <package name="Compass-Native.src.components">
        <metrics statements="29" coveredstatements="10" conditionals="30" coveredconditionals="0" methods="11" coveredmethods="0"/>
        <file name="Anchor.js" path="/Users/kellanriley/kornershop/Compass-Native/src/components/Anchor.js">
          <metrics statements="6" coveredstatements="2" conditionals="2" coveredconditionals="0" methods="2" coveredmethods="0"/>
          <line num="5" count="2" type="stmt"/>
          <line num="6" count="0" type="stmt"/>
          <line num="7" count="0" type="stmt"/>
          <line num="8" count="0" type="cond" truecount="0" falsecount="2"/>
          <line num="10" count="0" type="stmt"/>
          <line num="17" count="2" type="stmt"/>
        </file>
        <file name="EligibilityButton.js" path="/Users/kellanriley/kornershop/Compass-Native/src/components/EligibilityButton.js">
          <metrics statements="5" coveredstatements="2" conditionals="2" coveredconditionals="0" methods="3" coveredmethods="0"/>
          <line num="7" count="2" type="stmt"/>
          <line num="8" count="0" type="stmt"/>
          <line num="28" count="0" type="stmt"/>
          <line num="29" count="0" type="stmt"/>
          <line num="33" count="2" type="stmt"/>
        </file>
        <file name="MapBrowser.js" path="/Users/kellanriley/kornershop/Compass-Native/src/components/MapBrowser.js">
          <metrics statements="12" coveredstatements="2" conditionals="6" coveredconditionals="0" methods="4" coveredmethods="0"/>
          <line num="7" count="2" type="stmt"/>
          <line num="17" count="0" type="stmt"/>
          <line num="18" count="0" type="stmt"/>
          <line num="20" count="0" type="cond" truecount="0" falsecount="4"/>
          <line num="26" count="0" type="stmt"/>
          <line num="28" count="0" type="stmt"/>
          <line num="29" count="0" type="stmt"/>
          <line num="33" count="0" type="stmt"/>
          <line num="34" count="0" type="stmt"/>
          <line num="35" count="0" type="stmt"/>
          <line num="37" count="0" type="stmt"/>
          <line num="46" count="2" type="stmt"/>
        </file>
        <file name="MarkerView.js" path="/Users/kellanriley/kornershop/Compass-Native/src/components/MarkerView.js">
          <metrics statements="3" coveredstatements="2" conditionals="0" coveredconditionals="0" methods="1" coveredmethods="0"/>
          <line num="8" count="2" type="stmt"/>
          <line num="19" count="0" type="stmt"/>
          <line num="57" count="2" type="stmt"/>
        </file>
        <file name="SubmitButton.js" path="/Users/kellanriley/kornershop/Compass-Native/src/components/SubmitButton.js">
          <metrics statements="3" coveredstatements="2" conditionals="20" coveredconditionals="0" methods="1" coveredmethods="0"/>
          <line num="6" count="2" type="stmt"/>
          <line num="7" count="0" type="stmt"/>
          <line num="31" count="2" type="stmt"/>
        </file>
      </package>
      <package name="Compass-Native.src.components.styled">
        <metrics statements="50" coveredstatements="17" conditionals="24" coveredconditionals="0" methods="13" coveredmethods="0"/>
        <file name="Styled.js" path="/Users/kellanriley/kornershop/Compass-Native/src/components/styled/Styled.js">
          <metrics statements="50" coveredstatements="17" conditionals="24" coveredconditionals="0" methods="13" coveredmethods="0"/>
          <line num="3" count="2" type="stmt"/>
          <line num="4" count="0" type="cond" truecount="0" falsecount="4"/>
          <line num="6" count="0" type="stmt"/>
          <line num="8" count="0" type="stmt"/>
          <line num="10" count="0" type="stmt"/>
          <line num="12" count="0" type="stmt"/>
          <line num="16" count="2" type="stmt"/>
          <line num="17" count="0" type="cond" truecount="0" falsecount="4"/>
          <line num="19" count="0" type="stmt"/>
          <line num="21" count="0" type="stmt"/>
          <line num="23" count="0" type="stmt"/>
          <line num="25" count="0" type="stmt"/>
          <line num="29" count="2" type="stmt"/>
          <line num="30" count="0" type="cond" truecount="0" falsecount="4"/>
          <line num="32" count="0" type="stmt"/>
          <line num="34" count="0" type="stmt"/>
          <line num="36" count="0" type="stmt"/>
          <line num="38" count="0" type="stmt"/>
          <line num="42" count="2" type="stmt"/>
          <line num="43" count="0" type="cond" truecount="0" falsecount="4"/>
          <line num="45" count="0" type="stmt"/>
          <line num="47" count="0" type="stmt"/>
          <line num="49" count="0" type="stmt"/>
          <line num="51" count="0" type="stmt"/>
          <line num="55" count="2" type="stmt"/>
          <line num="56" count="0" type="cond" truecount="0" falsecount="4"/>
          <line num="58" count="0" type="stmt"/>
          <line num="60" count="0" type="stmt"/>
          <line num="62" count="0" type="stmt"/>
          <line num="64" count="0" type="stmt"/>
          <line num="68" count="2" type="stmt"/>
          <line num="77" count="2" type="stmt"/>
          <line num="81" count="0" type="stmt"/>
          <line num="82" count="0" type="stmt"/>
          <line num="85" count="2" type="stmt"/>
          <line num="91" count="2" type="stmt"/>
          <line num="94" count="0" type="stmt"/>
          <line num="99" count="2" type="stmt"/>
          <line num="102" count="0" type="stmt"/>
          <line num="105" count="2" type="stmt"/>
          <line num="106" count="0" type="stmt"/>
          <line num="115" count="2" type="stmt"/>
          <line num="116" count="0" type="stmt"/>
          <line num="125" count="2" type="stmt"/>
          <line num="131" count="2" type="stmt"/>
          <line num="133" count="0" type="cond" truecount="0" falsecount="2"/>
          <line num="136" count="0" type="cond" truecount="0" falsecount="2"/>
          <line num="139" count="2" type="stmt"/>
          <line num="146" count="2" type="stmt"/>
          <line num="152" count="2" type="stmt"/>
        </file>
      </package>
      <package name="Compass-Native.src.containers">
        <metrics statements="80" coveredstatements="13" conditionals="47" coveredconditionals="0" methods="26" coveredmethods="0"/>
        <file name="Eligible.js" path="/Users/kellanriley/kornershop/Compass-Native/src/containers/Eligible.js">
          <metrics statements="4" coveredstatements="3" conditionals="0" coveredconditionals="0" methods="2" coveredmethods="0"/>
          <line num="18" count="2" type="stmt"/>
          <line num="19" count="0" type="stmt"/>
          <line num="63" count="2" type="stmt"/>
          <line num="68" count="2" type="stmt"/>
        </file>
        <file name="Ineligible.js" path="/Users/kellanriley/kornershop/Compass-Native/src/containers/Ineligible.js">
          <metrics statements="4" coveredstatements="3" conditionals="0" coveredconditionals="0" methods="2" coveredmethods="0"/>
          <line num="18" count="2" type="stmt"/>
          <line num="19" count="0" type="stmt"/>
          <line num="64" count="2" type="stmt"/>
          <line num="69" count="2" type="stmt"/>
        </file>
        <file name="Map.js" path="/Users/kellanriley/kornershop/Compass-Native/src/containers/Map.js">
          <metrics statements="16" coveredstatements="2" conditionals="12" coveredconditionals="0" methods="5" coveredmethods="0"/>
          <line num="30" count="0" type="stmt"/>
          <line num="31" count="0" type="stmt"/>
          <line num="34" count="0" type="stmt"/>
          <line num="37" count="0" type="cond" truecount="0" falsecount="2"/>
          <line num="38" count="0" type="stmt"/>
          <line num="40" count="0" type="cond" truecount="0" falsecount="2"/>
          <line num="42" count="0" type="stmt"/>
          <line num="43" count="0" type="stmt"/>
          <line num="47" count="0" type="stmt"/>
          <line num="63" count="0" type="cond" truecount="0" falsecount="2"/>
          <line num="66" count="0" type="cond" truecount="0" falsecount="2"/>
          <line num="67" count="0" type="stmt"/>
          <line num="128" count="0" type="stmt"/>
          <line num="162" count="0" type="stmt"/>
          <line num="170" count="2" type="stmt"/>
          <line num="175" count="2" type="stmt"/>
        </file>
        <file name="NavigationProvider.js" path="/Users/kellanriley/kornershop/Compass-Native/src/containers/NavigationProvider.js">
          <metrics statements="1" coveredstatements="0" conditionals="0" coveredconditionals="0" methods="1" coveredmethods="0"/>
          <line num="9" count="0" type="stmt"/>
        </file>
        <file name="Office.js" path="/Users/kellanriley/kornershop/Compass-Native/src/containers/Office.js">
          <metrics statements="10" coveredstatements="2" conditionals="0" coveredconditionals="0" methods="6" coveredmethods="0"/>
          <line num="16" count="2" type="stmt"/>
          <line num="17" count="0" type="stmt"/>
          <line num="18" count="0" type="stmt"/>
          <line num="19" count="0" type="stmt"/>
          <line num="21" count="0" type="stmt"/>
          <line num="43" count="0" type="stmt"/>
          <line num="81" count="0" type="stmt"/>
          <line num="93" count="0" type="stmt"/>
          <line num="131" count="0" type="stmt"/>
          <line num="149" count="2" type="stmt"/>
        </file>
        <file name="Onboard.js" path="/Users/kellanriley/kornershop/Compass-Native/src/containers/Onboard.js">
          <metrics statements="0" coveredstatements="0" conditionals="0" coveredconditionals="0" methods="0" coveredmethods="0"/>
        </file>
        <file name="WicForm.js" path="/Users/kellanriley/kornershop/Compass-Native/src/containers/WicForm.js">
          <metrics statements="23" coveredstatements="2" conditionals="23" coveredconditionals="0" methods="4" coveredmethods="0"/>
          <line num="21" count="2" type="stmt"/>
          <line num="22" count="0" type="stmt"/>
          <line num="60" count="0" type="stmt"/>
          <line num="61" count="0" type="cond" truecount="0" falsecount="4"/>
          <line num="62" count="0" type="stmt"/>
          <line num="66" count="0" type="stmt"/>
          <line num="84" count="0" type="stmt"/>
          <line num="85" count="0" type="cond" truecount="0" falsecount="2"/>
          <line num="90" count="0" type="stmt"/>
          <line num="94" count="0" type="stmt"/>
          <line num="150" count="0" type="cond" truecount="0" falsecount="2"/>
          <line num="152" count="0" type="stmt"/>
          <line num="157" count="0" type="stmt"/>
          <line num="162" count="0" type="cond" truecount="0" falsecount="2"/>
          <line num="167" count="0" type="stmt"/>
          <line num="173" count="0" type="stmt"/>
          <line num="183" count="0" type="cond" truecount="0" falsecount="2"/>
          <line num="184" count="0" type="stmt"/>
          <line num="188" count="0" type="cond" truecount="0" falsecount="2"/>
          <line num="189" count="0" type="stmt"/>
          <line num="193" count="0" type="cond" truecount="0" falsecount="2"/>
          <line num="194" count="0" type="stmt"/>
          <line num="205" count="2" type="stmt"/>
        </file>
        <file name="ZipModal.js" path="/Users/kellanriley/kornershop/Compass-Native/src/containers/ZipModal.js">
          <metrics statements="22" coveredstatements="1" conditionals="12" coveredconditionals="0" methods="6" coveredmethods="0"/>
          <line num="18" count="0" type="stmt"/>
          <line num="19" count="0" type="stmt"/>
          <line num="23" count="0" type="stmt"/>
          <line num="26" count="0" type="stmt"/>
          <line num="29" count="0" type="stmt"/>
          <line num="65" count="0" type="stmt"/>
          <line num="66" count="0" type="cond" truecount="0" falsecount="2"/>
          <line num="67" count="0" type="stmt"/>
          <line num="71" count="0" type="stmt"/>
          <line num="85" count="0" type="cond" truecount="0" falsecount="4"/>
          <line num="86" count="0" type="stmt"/>
          <line num="87" count="0" type="stmt"/>
          <line num="88" count="0" type="stmt"/>
          <line num="89" count="0" type="stmt"/>
          <line num="91" count="0" type="stmt"/>
          <line num="94" count="0" type="cond" truecount="0" falsecount="4"/>
          <line num="95" count="0" type="stmt"/>
          <line num="96" count="0" type="stmt"/>
          <line num="97" count="0" type="stmt"/>
          <line num="98" count="0" type="stmt"/>
          <line num="100" count="0" type="stmt"/>
          <line num="109" count="2" type="stmt"/>
        </file>
      </package>
      <package name="Compass-Native.src.navigation">
        <metrics statements="9" coveredstatements="0" conditionals="2" coveredconditionals="0" methods="9" coveredmethods="0"/>
        <file name="RootNavigation.js" path="/Users/kellanriley/kornershop/Compass-Native/src/navigation/RootNavigation.js">
          <metrics statements="4" coveredstatements="0" conditionals="2" coveredconditionals="0" methods="4" coveredmethods="0"/>
          <line num="18" count="0" type="stmt"/>
          <line num="31" count="0" type="cond" truecount="0" falsecount="2"/>
          <line num="47" count="0" type="stmt"/>
          <line num="61" count="0" type="stmt"/>
        </file>
        <file name="Router.js" path="/Users/kellanriley/kornershop/Compass-Native/src/navigation/Router.js">
          <metrics statements="5" coveredstatements="0" conditionals="0" coveredconditionals="0" methods="5" coveredmethods="0"/>
          <line num="8" count="0" type="stmt"/>
          <line num="9" count="0" type="stmt"/>
          <line num="10" count="0" type="stmt"/>
          <line num="11" count="0" type="stmt"/>
          <line num="12" count="0" type="stmt"/>
        </file>
      </package>
      <package name="Compass-Native.src.redux">
        <metrics statements="0" coveredstatements="0" conditionals="0" coveredconditionals="0" methods="0" coveredmethods="0"/>
        <file name="initialState.js" path="/Users/kellanriley/kornershop/Compass-Native/src/redux/initialState.js">
          <metrics statements="0" coveredstatements="0" conditionals="0" coveredconditionals="0" methods="0" coveredmethods="0"/>
        </file>
        <file name="store.js" path="/Users/kellanriley/kornershop/Compass-Native/src/redux/store.js">
          <metrics statements="0" coveredstatements="0" conditionals="0" coveredconditionals="0" methods="0" coveredmethods="0"/>
        </file>
      </package>
      <package name="Compass-Native.src.redux.actions">
        <metrics statements="50" coveredstatements="48" conditionals="8" coveredconditionals="5" methods="21" coveredmethods="21"/>
        <file name="actionCreators.js" path="/Users/kellanriley/kornershop/Compass-Native/src/redux/actions/actionCreators.js">
          <metrics statements="30" coveredstatements="28" conditionals="8" coveredconditionals="5" methods="11" coveredmethods="11"/>
          <line num="18" count="3" type="stmt"/>
          <line num="19" count="1" type="stmt"/>
          <line num="22" count="1" type="stmt"/>
          <line num="25" count="3" type="stmt"/>
          <line num="26" count="1" type="stmt"/>
          <line num="30" count="1" type="stmt"/>
          <line num="33" count="3" type="stmt"/>
          <line num="34" count="1" type="stmt"/>
          <line num="37" count="1" type="stmt"/>
          <line num="40" count="3" type="stmt"/>
          <line num="41" count="1" type="stmt"/>
          <line num="42" count="1" type="stmt"/>
          <line num="43" count="1" type="stmt"/>
          <line num="48" count="3" type="stmt"/>
          <line num="56" count="3" type="cond" truecount="1" falsecount="1"/>
          <line num="57" count="3" type="stmt"/>
          <line num="58" count="3" type="stmt"/>
          <line num="60" count="0" type="stmt"/>
          <line num="61" count="0" type="stmt"/>
          <line num="63" count="3" type="stmt"/>
          <line num="64" count="2" type="stmt"/>
          <line num="65" count="2" type="stmt"/>
          <line num="68" count="3" type="stmt"/>
          <line num="69" count="2" type="stmt"/>
          <line num="70" count="2" type="stmt"/>
          <line num="71" count="2" type="cond" truecount="2" falsecount="0"/>
          <line num="72" count="1" type="stmt"/>
          <line num="76" count="1" type="stmt"/>
          <line num="78" count="2" type="stmt"/>
          <line num="79" count="2" type="stmt"/>
        </file>
        <file name="actions.js" path="/Users/kellanriley/kornershop/Compass-Native/src/redux/actions/actions.js">
          <metrics statements="10" coveredstatements="10" conditionals="0" coveredconditionals="0" methods="10" coveredmethods="10"/>
          <line num="3" count="4" type="stmt"/>
          <line num="8" count="4" type="stmt"/>
          <line num="13" count="4" type="stmt"/>
          <line num="18" count="4" type="stmt"/>
          <line num="23" count="4" type="stmt"/>
          <line num="28" count="4" type="stmt"/>
          <line num="33" count="8" type="stmt"/>
          <line num="38" count="7" type="stmt"/>
          <line num="43" count="4" type="stmt"/>
          <line num="48" count="4" type="stmt"/>
        </file>
        <file name="types.js" path="/Users/kellanriley/kornershop/Compass-Native/src/redux/actions/types.js">
          <metrics statements="10" coveredstatements="10" conditionals="0" coveredconditionals="0" methods="0" coveredmethods="0"/>
          <line num="1" count="5" type="stmt"/>
          <line num="2" count="5" type="stmt"/>
          <line num="3" count="5" type="stmt"/>
          <line num="4" count="5" type="stmt"/>
          <line num="5" count="5" type="stmt"/>
          <line num="6" count="5" type="stmt"/>
          <line num="7" count="5" type="stmt"/>
          <line num="8" count="5" type="stmt"/>
          <line num="9" count="5" type="stmt"/>
          <line num="10" count="5" type="stmt"/>
        </file>
      </package>
      <package name="Compass-Native.src.redux.reducers">
        <metrics statements="30" coveredstatements="30" conditionals="30" coveredconditionals="30" methods="10" coveredmethods="10"/>
        <file name="index.js" path="/Users/kellanriley/kornershop/Compass-Native/src/redux/reducers/index.js">
          <metrics statements="0" coveredstatements="0" conditionals="0" coveredconditionals="0" methods="0" coveredmethods="0"/>
        </file>
        <file name="language.js" path="/Users/kellanriley/kornershop/Compass-Native/src/redux/reducers/language.js">
          <metrics statements="3" coveredstatements="3" conditionals="3" coveredconditionals="3" methods="1" coveredmethods="1"/>
          <line num="5" count="16" type="cond" truecount="2" falsecount="0"/>
          <line num="7" count="1" type="stmt"/>
          <line num="9" count="15" type="stmt"/>
        </file>
        <file name="location.js" path="/Users/kellanriley/kornershop/Compass-Native/src/redux/reducers/location.js">
          <metrics statements="3" coveredstatements="3" conditionals="3" coveredconditionals="3" methods="1" coveredmethods="1"/>
          <line num="5" count="16" type="cond" truecount="2" falsecount="0"/>
          <line num="7" count="1" type="stmt"/>
          <line num="13" count="15" type="stmt"/>
        </file>
        <file name="locationProvided.js" path="/Users/kellanriley/kornershop/Compass-Native/src/redux/reducers/locationProvided.js">
          <metrics statements="3" coveredstatements="3" conditionals="3" coveredconditionals="3" methods="1" coveredmethods="1"/>
          <line num="8" count="16" type="cond" truecount="2" falsecount="0"/>
          <line num="10" count="1" type="stmt"/>
          <line num="12" count="15" type="stmt"/>
        </file>
        <file name="mapLoading.js" path="/Users/kellanriley/kornershop/Compass-Native/src/redux/reducers/mapLoading.js">
          <metrics statements="3" coveredstatements="3" conditionals="3" coveredconditionals="3" methods="1" coveredmethods="1"/>
          <line num="5" count="16" type="cond" truecount="2" falsecount="0"/>
          <line num="7" count="1" type="stmt"/>
          <line num="9" count="15" type="stmt"/>
        </file>
        <file name="office.js" path="/Users/kellanriley/kornershop/Compass-Native/src/redux/reducers/office.js">
          <metrics statements="3" coveredstatements="3" conditionals="3" coveredconditionals="3" methods="1" coveredmethods="1"/>
          <line num="5" count="16" type="cond" truecount="2" falsecount="0"/>
          <line num="7" count="1" type="stmt"/>
          <line num="9" count="15" type="stmt"/>
        </file>
        <file name="orientation.js" path="/Users/kellanriley/kornershop/Compass-Native/src/redux/reducers/orientation.js">
          <metrics statements="3" coveredstatements="3" conditionals="3" coveredconditionals="3" methods="1" coveredmethods="1"/>
          <line num="5" count="16" type="cond" truecount="2" falsecount="0"/>
          <line num="7" count="1" type="stmt"/>
          <line num="9" count="15" type="stmt"/>
        </file>
        <file name="snapOffices.js" path="/Users/kellanriley/kornershop/Compass-Native/src/redux/reducers/snapOffices.js">
          <metrics statements="3" coveredstatements="3" conditionals="3" coveredconditionals="3" methods="1" coveredmethods="1"/>
          <line num="5" count="16" type="cond" truecount="2" falsecount="0"/>
          <line num="8" count="1" type="stmt"/>
          <line num="10" count="15" type="stmt"/>
        </file>
        <file name="wicEligible.js" path="/Users/kellanriley/kornershop/Compass-Native/src/redux/reducers/wicEligible.js">
          <metrics statements="3" coveredstatements="3" conditionals="3" coveredconditionals="3" methods="1" coveredmethods="1"/>
          <line num="5" count="16" type="cond" truecount="2" falsecount="0"/>
          <line num="7" count="1" type="stmt"/>
          <line num="9" count="15" type="stmt"/>
        </file>
        <file name="wicOffices.js" path="/Users/kellanriley/kornershop/Compass-Native/src/redux/reducers/wicOffices.js">
          <metrics statements="3" coveredstatements="3" conditionals="3" coveredconditionals="3" methods="1" coveredmethods="1"/>
          <line num="5" count="16" type="cond" truecount="2" falsecount="0"/>
          <line num="8" count="1" type="stmt"/>
          <line num="10" count="15" type="stmt"/>
        </file>
        <file name="zipCode.js" path="/Users/kellanriley/kornershop/Compass-Native/src/redux/reducers/zipCode.js">
          <metrics statements="3" coveredstatements="3" conditionals="3" coveredconditionals="3" methods="1" coveredmethods="1"/>
          <line num="5" count="16" type="cond" truecount="2" falsecount="0"/>
          <line num="7" count="1" type="stmt"/>
          <line num="9" count="15" type="stmt"/>
        </file>
      </package>
      <package name="Compass-Native.src.screens">
        <metrics statements="72" coveredstatements="13" conditionals="23" coveredconditionals="0" methods="24" coveredmethods="0"/>
        <file name="Resources.js" path="/Users/kellanriley/kornershop/Compass-Native/src/screens/Resources.js">
          <metrics statements="29" coveredstatements="4" conditionals="8" coveredconditionals="0" methods="7" coveredmethods="0"/>
          <line num="32" count="0" type="stmt"/>
          <line num="33" count="0" type="stmt"/>
          <line num="37" count="0" type="stmt"/>
          <line num="40" count="0" type="stmt"/>
          <line num="41" count="0" type="stmt"/>
          <line num="42" count="0" type="stmt"/>
          <line num="47" count="0" type="stmt"/>
          <line num="50" count="0" type="cond" truecount="0" falsecount="2"/>
          <line num="52" count="0" type="stmt"/>
          <line num="55" count="0" type="cond" truecount="0" falsecount="2"/>
          <line num="57" count="0" type="stmt"/>
          <line num="62" count="0" type="stmt"/>
          <line num="65" count="0" type="stmt"/>
          <line num="69" count="0" type="stmt"/>
          <line num="75" count="0" type="stmt"/>
          <line num="78" count="0" type="stmt"/>
          <line num="82" count="0" type="stmt"/>
          <line num="86" count="0" type="stmt"/>
          <line num="91" count="0" type="stmt"/>
          <line num="96" count="0" type="cond" truecount="0" falsecount="2"/>
          <line num="97" count="0" type="stmt"/>
          <line num="99" count="0" type="cond" truecount="0" falsecount="2"/>
          <line num="100" count="0" type="stmt"/>
          <line num="117" count="0" type="stmt"/>
          <line num="138" count="2" type="stmt"/>
          <line num="143" count="2" type="stmt"/>
          <line num="189" count="2" type="stmt"/>
          <line num="198" count="0" type="stmt"/>
          <line num="209" count="2" type="stmt"/>
        </file>
        <file name="Snap.js" path="/Users/kellanriley/kornershop/Compass-Native/src/screens/Snap.js">
          <metrics statements="7" coveredstatements="3" conditionals="2" coveredconditionals="0" methods="3" coveredmethods="0"/>
          <line num="13" count="2" type="stmt"/>
          <line num="14" count="0" type="stmt"/>
          <line num="15" count="0" type="cond" truecount="0" falsecount="2"/>
          <line num="16" count="0" type="stmt"/>
          <line num="36" count="0" type="stmt"/>
          <line num="44" count="2" type="stmt"/>
          <line num="48" count="2" type="stmt"/>
        </file>
        <file name="Welcome.js" path="/Users/kellanriley/kornershop/Compass-Native/src/screens/Welcome.js">
          <metrics statements="16" coveredstatements="3" conditionals="4" coveredconditionals="0" methods="7" coveredmethods="0"/>
          <line num="25" count="0" type="stmt"/>
          <line num="26" count="0" type="stmt"/>
          <line num="30" count="0" type="stmt"/>
          <line num="34" count="0" type="stmt"/>
          <line num="35" count="0" type="cond" truecount="0" falsecount="2"/>
          <line num="36" count="0" type="stmt"/>
          <line num="37" count="0" type="stmt"/>
          <line num="39" count="0" type="stmt"/>
          <line num="41" count="0" type="stmt"/>
          <line num="42" count="0" type="stmt"/>
          <line num="45" count="0" type="stmt"/>
          <line num="49" count="0" type="stmt"/>
          <line num="74" count="0" type="stmt"/>
          <line num="112" count="2" type="stmt"/>
          <line num="124" count="2" type="stmt"/>
          <line num="128" count="2" type="stmt"/>
        </file>
        <file name="Wic.js" path="/Users/kellanriley/kornershop/Compass-Native/src/screens/Wic.js">
          <metrics statements="20" coveredstatements="3" conditionals="9" coveredconditionals="0" methods="7" coveredmethods="0"/>
          <line num="16" count="0" type="stmt"/>
          <line num="17" count="0" type="stmt"/>
          <line num="25" count="0" type="stmt"/>
          <line num="26" count="0" type="stmt"/>
          <line num="27" count="0" type="stmt"/>
          <line num="30" count="0" type="stmt"/>
          <line num="33" count="0" type="stmt"/>
          <line num="40" count="0" type="stmt"/>
          <line num="51" count="0" type="cond" truecount="0" falsecount="2"/>
          <line num="56" count="0" type="stmt"/>
          <line num="58" count="0" type="stmt"/>
          <line num="62" count="0" type="stmt"/>
          <line num="63" count="0" type="cond" truecount="0" falsecount="4"/>
          <line num="65" count="0" type="stmt"/>
          <line num="82" count="0" type="stmt"/>
          <line num="84" count="0" type="stmt"/>
          <line num="86" count="0" type="stmt"/>
          <line num="91" count="2" type="stmt"/>
          <line num="98" count="2" type="stmt"/>
          <line num="104" count="2" type="stmt"/>
        </file>
      </package>
      <package name="Compass-Native.src.utilities">
        <metrics statements="48" coveredstatements="36" conditionals="16" coveredconditionals="9" methods="14" coveredmethods="10"/>
        <file name="cacheAssetsAsync.js" path="/Users/kellanriley/kornershop/Compass-Native/src/utilities/cacheAssetsAsync.js">
          <metrics statements="8" coveredstatements="2" conditionals="2" coveredconditionals="0" methods="4" coveredmethods="0"/>
          <line num="4" count="2" type="stmt"/>
          <line num="5" count="0" type="stmt"/>
          <line num="6" count="0" type="cond" truecount="0" falsecount="2"/>
          <line num="7" count="0" type="stmt"/>
          <line num="9" count="0" type="stmt"/>
          <line num="12" count="2" type="stmt"/>
          <line num="13" count="0" type="stmt"/>
          <line num="14" count="0" type="stmt"/>
        </file>
        <file name="config.js" path="/Users/kellanriley/kornershop/Compass-Native/src/utilities/config.js">
          <metrics statements="2" coveredstatements="2" conditionals="0" coveredconditionals="0" methods="0" coveredmethods="0"/>
          <line num="1" count="5" type="stmt"/>
          <line num="2" count="5" type="stmt"/>
        </file>
        <file name="fetch.js" path="/Users/kellanriley/kornershop/Compass-Native/src/utilities/fetch.js">
          <metrics statements="12" coveredstatements="8" conditionals="6" coveredconditionals="4" methods="2" coveredmethods="2"/>
          <line num="3" count="5" type="stmt"/>
          <line num="8" count="5" type="stmt"/>
          <line num="9" count="14" type="cond" truecount="3" falsecount="1"/>
          <line num="10" count="14" type="stmt"/>
          <line num="12" count="0" type="stmt"/>
          <line num="13" count="0" type="stmt"/>
          <line num="14" count="0" type="stmt"/>
          <line num="18" count="17" type="stmt"/>
          <line num="19" count="14" type="cond" truecount="1" falsecount="1"/>
          <line num="20" count="14" type="stmt"/>
          <line num="21" count="14" type="stmt"/>
          <line num="23" count="0" type="stmt"/>
        </file>
        <file name="localization.js" path="/Users/kellanriley/kornershop/Compass-Native/src/utilities/localization.js">
          <metrics statements="0" coveredstatements="0" conditionals="0" coveredconditionals="0" methods="0" coveredmethods="0"/>
        </file>
        <file name="mapUtils.js" path="/Users/kellanriley/kornershop/Compass-Native/src/utilities/mapUtils.js">
          <metrics statements="18" coveredstatements="18" conditionals="2" coveredconditionals="1" methods="7" coveredmethods="7"/>
          <line num="4" count="4" type="stmt"/>
          <line num="5" count="3" type="stmt"/>
          <line num="6" count="21" type="stmt"/>
          <line num="8" count="3" type="cond" truecount="1" falsecount="1"/>
          <line num="13" count="4" type="stmt"/>
          <line num="14" count="2" type="stmt"/>
          <line num="17" count="2" type="stmt"/>
          <line num="20" count="4" type="stmt"/>
          <line num="21" count="2" type="stmt"/>
          <line num="24" count="2" type="stmt"/>
          <line num="27" count="4" type="stmt"/>
          <line num="28" count="4" type="stmt"/>
          <line num="29" count="4" type="stmt"/>
          <line num="30" count="4" type="stmt"/>
          <line num="32" count="8" type="stmt"/>
          <line num="33" count="8" type="stmt"/>
          <line num="34" count="6" type="stmt"/>
          <line num="37" count="6" type="stmt"/>
        </file>
        <file name="orientation.js" path="/Users/kellanriley/kornershop/Compass-Native/src/utilities/orientation.js">
          <metrics statements="8" coveredstatements="6" conditionals="6" coveredconditionals="4" methods="1" coveredmethods="1"/>
          <line num="3" count="1" type="stmt"/>
          <line num="4" count="1" type="stmt"/>
          <line num="5" count="1" type="cond" truecount="3" falsecount="1"/>
          <line num="6" count="0" type="stmt"/>
          <line num="10" count="1" type="cond" truecount="1" falsecount="1"/>
          <line num="11" count="0" type="stmt"/>
          <line num="13" count="1" type="stmt"/>
          <line num="15" count="1" type="stmt"/>
        </file>
      </package>
    </metrics>
  </project>
</coverage>
