{"/Users/kellanriley/kornershop/Compass-Native/App.js": {"path":"/Users/kellanriley/kornershop/Compass-Native/App.js","statementMap":{"0":{"start":{"line":9,"column":2},"end":{"line":11,"column":13}}},"fnMap":{"0":{"name":"(anonymous_0)","decl":{"start":{"line":8,"column":15},"end":{"line":8,"column":16}},"loc":{"start":{"line":9,"column":2},"end":{"line":11,"column":13}},"line":9}},"branchMap":{},"s":{"0":1},"f":{"0":1},"b":{},"_coverageSchema":"332fd63041d2c1bcb487cc26dd0d5f7d97098a6c","hash":"346a3cfe68067f59cd5d3ee242bda126681033aa"}
,"/Users/kellanriley/kornershop/Compass-Native/src/Main.js": {"path":"/Users/kellanriley/kornershop/Compass-Native/src/Main.js","statementMap":{"0":{"start":{"line":32,"column":4},"end":{"line":32,"column":12}},"1":{"start":{"line":33,"column":4},"end":{"line":36,"column":6}},"2":{"start":{"line":37,"column":4},"end":{"line":39,"column":7}},"3":{"start":{"line":40,"column":4},"end":{"line":40,"column":51}},"4":{"start":{"line":44,"column":4},"end":{"line":44,"column":59}},"5":{"start":{"line":45,"column":4},"end":{"line":45,"column":27}},"6":{"start":{"line":48,"column":4},"end":{"line":61,"column":5}},"7":{"start":{"line":49,"column":23},"end":{"line":49,"column":61}},"8":{"start":{"line":50,"column":6},"end":{"line":52,"column":9}},"9":{"start":{"line":53,"column":6},"end":{"line":58,"column":7}},"10":{"start":{"line":54,"column":8},"end":{"line":56,"column":11}},"11":{"start":{"line":57,"column":8},"end":{"line":57,"column":51}},"12":{"start":{"line":60,"column":6},"end":{"line":60,"column":24}},"13":{"start":{"line":64,"column":4},"end":{"line":64,"column":52}},"14":{"start":{"line":67,"column":4},"end":{"line":71,"column":7}},"15":{"start":{"line":72,"column":4},"end":{"line":74,"column":7}},"16":{"start":{"line":75,"column":4},"end":{"line":77,"column":7}},"17":{"start":{"line":80,"column":4},"end":{"line":88,"column":6}},"18":{"start":{"line":84,"column":10},"end":{"line":84,"column":64}},"19":{"start":{"line":91,"column":4},"end":{"line":97,"column":5}},"20":{"start":{"line":92,"column":6},"end":{"line":96,"column":8}},"21":{"start":{"line":98,"column":4},"end":{"line":100,"column":33}},"22":{"start":{"line":104,"column":0},"end":{"line":107,"column":2}},"23":{"start":{"line":109,"column":27},"end":{"line":115,"column":2}},"24":{"start":{"line":109,"column":40},"end":{"line":115,"column":1}},"25":{"start":{"line":117,"column":25},"end":{"line":117,"column":29}}},"fnMap":{"0":{"name":"(anonymous_0)","decl":{"start":{"line":31,"column":2},"end":{"line":31,"column":3}},"loc":{"start":{"line":31,"column":16},"end":{"line":41,"column":3}},"line":31},"1":{"name":"(anonymous_1)","decl":{"start":{"line":42,"column":2},"end":{"line":42,"column":3}},"loc":{"start":{"line":42,"column":22},"end":{"line":46,"column":3}},"line":42},"2":{"name":"(anonymous_2)","decl":{"start":{"line":47,"column":2},"end":{"line":47,"column":3}},"loc":{"start":{"line":47,"column":22},"end":{"line":62,"column":3}},"line":47},"3":{"name":"(anonymous_3)","decl":{"start":{"line":63,"column":2},"end":{"line":63,"column":3}},"loc":{"start":{"line":63,"column":16},"end":{"line":65,"column":3}},"line":63},"4":{"name":"(anonymous_4)","decl":{"start":{"line":66,"column":2},"end":{"line":66,"column":3}},"loc":{"start":{"line":66,"column":26},"end":{"line":78,"column":3}},"line":66},"5":{"name":"(anonymous_5)","decl":{"start":{"line":79,"column":2},"end":{"line":79,"column":3}},"loc":{"start":{"line":79,"column":19},"end":{"line":89,"column":3}},"line":79},"6":{"name":"(anonymous_6)","decl":{"start":{"line":83,"column":18},"end":{"line":83,"column":19}},"loc":{"start":{"line":84,"column":10},"end":{"line":84,"column":64}},"line":84},"7":{"name":"(anonymous_7)","decl":{"start":{"line":90,"column":2},"end":{"line":90,"column":3}},"loc":{"start":{"line":90,"column":11},"end":{"line":101,"column":3}},"line":90},"8":{"name":"(anonymous_8)","decl":{"start":{"line":109,"column":27},"end":{"line":109,"column":28}},"loc":{"start":{"line":109,"column":40},"end":{"line":115,"column":1}},"line":109}},"branchMap":{"0":{"loc":{"start":{"line":53,"column":6},"end":{"line":58,"column":7}},"type":"if","locations":[{"start":{"line":53,"column":6},"end":{"line":58,"column":7}},{"start":{"line":53,"column":6},"end":{"line":58,"column":7}}],"line":53},"1":{"loc":{"start":{"line":91,"column":4},"end":{"line":97,"column":5}},"type":"if","locations":[{"start":{"line":91,"column":4},"end":{"line":97,"column":5}},{"start":{"line":91,"column":4},"end":{"line":97,"column":5}}],"line":91},"2":{"loc":{"start":{"line":98,"column":11},"end":{"line":100,"column":32}},"type":"cond-expr","locations":[{"start":{"line":99,"column":8},"end":{"line":99,"column":43}},{"start":{"line":100,"column":8},"end":{"line":100,"column":32}}],"line":98}},"s":{"0":4,"1":4,"2":4,"3":4,"4":0,"5":0,"6":0,"7":0,"8":0,"9":0,"10":0,"11":0,"12":0,"13":0,"14":0,"15":0,"16":0,"17":4,"18":0,"19":8,"20":4,"21":4,"22":2,"23":2,"24":0,"25":2},"f":{"0":4,"1":0,"2":0,"3":0,"4":0,"5":4,"6":0,"7":8,"8":0},"b":{"0":[0,0],"1":[4,4],"2":[1,3]},"_coverageSchema":"332fd63041d2c1bcb487cc26dd0d5f7d97098a6c","hash":"26a2d8611d0788a954285fd0803f5be9068d56f4"}
,"/Users/kellanriley/kornershop/Compass-Native/src/components/Anchor.js": {"path":"/Users/kellanriley/kornershop/Compass-Native/src/components/Anchor.js","statementMap":{"0":{"start":{"line":5,"column":15},"end":{"line":15,"column":1}},"1":{"start":{"line":6,"column":22},"end":{"line":9,"column":3}},"2":{"start":{"line":7,"column":4},"end":{"line":7,"column":26}},"3":{"start":{"line":8,"column":4},"end":{"line":8,"column":25}},"4":{"start":{"line":10,"column":2},"end":{"line":14,"column":4}},"5":{"start":{"line":17,"column":0},"end":{"line":21,"column":2}}},"fnMap":{"0":{"name":"(anonymous_0)","decl":{"start":{"line":5,"column":15},"end":{"line":5,"column":16}},"loc":{"start":{"line":5,"column":48},"end":{"line":15,"column":1}},"line":5},"1":{"name":"(anonymous_1)","decl":{"start":{"line":6,"column":22},"end":{"line":6,"column":23}},"loc":{"start":{"line":6,"column":28},"end":{"line":9,"column":3}},"line":6}},"branchMap":{"0":{"loc":{"start":{"line":8,"column":4},"end":{"line":8,"column":24}},"type":"binary-expr","locations":[{"start":{"line":8,"column":4},"end":{"line":8,"column":11}},{"start":{"line":8,"column":15},"end":{"line":8,"column":24}}],"line":8}},"s":{"0":2,"1":0,"2":0,"3":0,"4":0,"5":2},"f":{"0":0,"1":0},"b":{"0":[0,0]},"_coverageSchema":"332fd63041d2c1bcb487cc26dd0d5f7d97098a6c","hash":"08a2f0ae617735f0c90d72cca9271b4caad08c95"}
,"/Users/kellanriley/kornershop/Compass-Native/src/components/EligibilityButton.js": {"path":"/Users/kellanriley/kornershop/Compass-Native/src/components/EligibilityButton.js","statementMap":{"0":{"start":{"line":7,"column":26},"end":{"line":31,"column":9}},"1":{"start":{"line":8,"column":2},"end":{"line":31,"column":9}},"2":{"start":{"line":28,"column":21},"end":{"line":28,"column":50}},"3":{"start":{"line":29,"column":32},"end":{"line":29,"column":61}},"4":{"start":{"line":33,"column":0},"end":{"line":38,"column":2}}},"fnMap":{"0":{"name":"(anonymous_0)","decl":{"start":{"line":7,"column":26},"end":{"line":7,"column":27}},"loc":{"start":{"line":8,"column":2},"end":{"line":31,"column":9}},"line":8},"1":{"name":"(anonymous_1)","decl":{"start":{"line":28,"column":15},"end":{"line":28,"column":16}},"loc":{"start":{"line":28,"column":21},"end":{"line":28,"column":50}},"line":28},"2":{"name":"(anonymous_2)","decl":{"start":{"line":29,"column":26},"end":{"line":29,"column":27}},"loc":{"start":{"line":29,"column":32},"end":{"line":29,"column":61}},"line":29}},"branchMap":{"0":{"loc":{"start":{"line":24,"column":8},"end":{"line":26,"column":60}},"type":"cond-expr","locations":[{"start":{"line":25,"column":12},"end":{"line":25,"column":62}},{"start":{"line":26,"column":12},"end":{"line":26,"column":60}}],"line":24}},"s":{"0":2,"1":0,"2":0,"3":0,"4":2},"f":{"0":0,"1":0,"2":0},"b":{"0":[0,0]},"_coverageSchema":"332fd63041d2c1bcb487cc26dd0d5f7d97098a6c","hash":"e995b35641418f82b1d27c8d65b07c5be1d397b0"}
,"/Users/kellanriley/kornershop/Compass-Native/src/components/MapBrowser.js": {"path":"/Users/kellanriley/kornershop/Compass-Native/src/components/MapBrowser.js","statementMap":{"0":{"start":{"line":7,"column":19},"end":{"line":44,"column":1}},"1":{"start":{"line":17,"column":22},"end":{"line":27,"column":3}},"2":{"start":{"line":18,"column":46},"end":{"line":18,"column":54}},"3":{"start":{"line":20,"column":6},"end":{"line":25,"column":65}},"4":{"start":{"line":26,"column":4},"end":{"line":26,"column":43}},"5":{"start":{"line":28,"column":18},"end":{"line":32,"column":6}},"6":{"start":{"line":29,"column":4},"end":{"line":32,"column":6}},"7":{"start":{"line":33,"column":22},"end":{"line":36,"column":3}},"8":{"start":{"line":34,"column":4},"end":{"line":34,"column":18}},"9":{"start":{"line":35,"column":4},"end":{"line":35,"column":14}},"10":{"start":{"line":37,"column":2},"end":{"line":43,"column":4}},"11":{"start":{"line":46,"column":0},"end":{"line":60,"column":2}}},"fnMap":{"0":{"name":"(anonymous_0)","decl":{"start":{"line":7,"column":19},"end":{"line":7,"column":20}},"loc":{"start":{"line":16,"column":6},"end":{"line":44,"column":1}},"line":16},"1":{"name":"(anonymous_1)","decl":{"start":{"line":17,"column":22},"end":{"line":17,"column":23}},"loc":{"start":{"line":17,"column":34},"end":{"line":27,"column":3}},"line":17},"2":{"name":"(anonymous_2)","decl":{"start":{"line":28,"column":18},"end":{"line":28,"column":19}},"loc":{"start":{"line":29,"column":4},"end":{"line":32,"column":6}},"line":29},"3":{"name":"(anonymous_3)","decl":{"start":{"line":33,"column":22},"end":{"line":33,"column":23}},"loc":{"start":{"line":33,"column":28},"end":{"line":36,"column":3}},"line":33}},"branchMap":{"0":{"loc":{"start":{"line":20,"column":6},"end":{"line":25,"column":65}},"type":"cond-expr","locations":[{"start":{"line":21,"column":10},"end":{"line":21,"column":112}},{"start":{"line":22,"column":10},"end":{"line":25,"column":65}}],"line":20},"1":{"loc":{"start":{"line":20,"column":6},"end":{"line":20,"column":28}},"type":"binary-expr","locations":[{"start":{"line":20,"column":6},"end":{"line":20,"column":15}},{"start":{"line":20,"column":19},"end":{"line":20,"column":28}}],"line":20},"2":{"loc":{"start":{"line":30,"column":14},"end":{"line":30,"column":43}},"type":"cond-expr","locations":[{"start":{"line":30,"column":29},"end":{"line":30,"column":35}},{"start":{"line":30,"column":38},"end":{"line":30,"column":43}}],"line":30}},"s":{"0":2,"1":0,"2":0,"3":0,"4":0,"5":0,"6":0,"7":0,"8":0,"9":0,"10":0,"11":2},"f":{"0":0,"1":0,"2":0,"3":0},"b":{"0":[0,0],"1":[0,0],"2":[0,0]},"_coverageSchema":"332fd63041d2c1bcb487cc26dd0d5f7d97098a6c","hash":"411a62521ef6a662e6236ffc84c0c74e496e81a5"}
,"/Users/kellanriley/kornershop/Compass-Native/src/components/MarkerView.js": {"path":"/Users/kellanriley/kornershop/Compass-Native/src/components/MarkerView.js","statementMap":{"0":{"start":{"line":8,"column":19},"end":{"line":55,"column":9}},"1":{"start":{"line":19,"column":2},"end":{"line":55,"column":9}},"2":{"start":{"line":57,"column":0},"end":{"line":72,"column":2}}},"fnMap":{"0":{"name":"(anonymous_0)","decl":{"start":{"line":8,"column":19},"end":{"line":8,"column":20}},"loc":{"start":{"line":19,"column":2},"end":{"line":55,"column":9}},"line":19}},"branchMap":{},"s":{"0":2,"1":0,"2":2},"f":{"0":0},"b":{},"_coverageSchema":"332fd63041d2c1bcb487cc26dd0d5f7d97098a6c","hash":"f3496e0b5077310be2a3338d52b943067685a789"}
,"/Users/kellanriley/kornershop/Compass-Native/src/components/SubmitButton.js": {"path":"/Users/kellanriley/kornershop/Compass-Native/src/components/SubmitButton.js","statementMap":{"0":{"start":{"line":6,"column":21},"end":{"line":29,"column":4}},"1":{"start":{"line":7,"column":2},"end":{"line":29,"column":4}},"2":{"start":{"line":31,"column":0},"end":{"line":35,"column":2}}},"fnMap":{"0":{"name":"(anonymous_0)","decl":{"start":{"line":6,"column":21},"end":{"line":6,"column":22}},"loc":{"start":{"line":7,"column":2},"end":{"line":29,"column":4}},"line":7}},"branchMap":{"0":{"loc":{"start":{"line":11,"column":13},"end":{"line":11,"column":44}},"type":"cond-expr","locations":[{"start":{"line":11,"column":25},"end":{"line":11,"column":34}},{"start":{"line":11,"column":37},"end":{"line":11,"column":44}}],"line":11},"1":{"loc":{"start":{"line":12,"column":16},"end":{"line":12,"column":35}},"type":"cond-expr","locations":[{"start":{"line":12,"column":28},"end":{"line":12,"column":30}},{"start":{"line":12,"column":33},"end":{"line":12,"column":35}}],"line":12},"2":{"loc":{"start":{"line":13,"column":18},"end":{"line":13,"column":43}},"type":"cond-expr","locations":[{"start":{"line":13,"column":30},"end":{"line":13,"column":36}},{"start":{"line":13,"column":39},"end":{"line":13,"column":43}}],"line":13},"3":{"loc":{"start":{"line":16,"column":19},"end":{"line":16,"column":36}},"type":"cond-expr","locations":[{"start":{"line":16,"column":31},"end":{"line":16,"column":32}},{"start":{"line":16,"column":35},"end":{"line":16,"column":36}}],"line":16},"4":{"loc":{"start":{"line":17,"column":19},"end":{"line":17,"column":45}},"type":"cond-expr","locations":[{"start":{"line":17,"column":31},"end":{"line":17,"column":38}},{"start":{"line":17,"column":41},"end":{"line":17,"column":45}}],"line":17},"5":{"loc":{"start":{"line":18,"column":23},"end":{"line":18,"column":53}},"type":"cond-expr","locations":[{"start":{"line":18,"column":35},"end":{"line":18,"column":42}},{"start":{"line":18,"column":45},"end":{"line":18,"column":53}}],"line":18},"6":{"loc":{"start":{"line":21,"column":13},"end":{"line":21,"column":35}},"type":"cond-expr","locations":[{"start":{"line":21,"column":25},"end":{"line":21,"column":28}},{"start":{"line":21,"column":31},"end":{"line":21,"column":35}}],"line":21},"7":{"loc":{"start":{"line":23,"column":18},"end":{"line":23,"column":37}},"type":"cond-expr","locations":[{"start":{"line":23,"column":30},"end":{"line":23,"column":32}},{"start":{"line":23,"column":35},"end":{"line":23,"column":37}}],"line":23},"8":{"loc":{"start":{"line":24,"column":20},"end":{"line":24,"column":38}},"type":"cond-expr","locations":[{"start":{"line":24,"column":32},"end":{"line":24,"column":34}},{"start":{"line":24,"column":37},"end":{"line":24,"column":38}}],"line":24},"9":{"loc":{"start":{"line":26,"column":18},"end":{"line":26,"column":36}},"type":"cond-expr","locations":[{"start":{"line":26,"column":30},"end":{"line":26,"column":32}},{"start":{"line":26,"column":35},"end":{"line":26,"column":36}}],"line":26}},"s":{"0":2,"1":0,"2":2},"f":{"0":0},"b":{"0":[0,0],"1":[0,0],"2":[0,0],"3":[0,0],"4":[0,0],"5":[0,0],"6":[0,0],"7":[0,0],"8":[0,0],"9":[0,0]},"_coverageSchema":"332fd63041d2c1bcb487cc26dd0d5f7d97098a6c","hash":"6e5f01439150cbe2ebc9d6c0c22ee1e38737c1ff"}
,"/Users/kellanriley/kornershop/Compass-Native/src/components/styled/Styled.js": {"path":"/Users/kellanriley/kornershop/Compass-Native/src/components/styled/Styled.js","statementMap":{"0":{"start":{"line":3,"column":27},"end":{"line":14,"column":1}},"1":{"start":{"line":4,"column":2},"end":{"line":13,"column":3}},"2":{"start":{"line":6,"column":6},"end":{"line":6,"column":24}},"3":{"start":{"line":8,"column":6},"end":{"line":8,"column":24}},"4":{"start":{"line":10,"column":6},"end":{"line":10,"column":26}},"5":{"start":{"line":12,"column":6},"end":{"line":12,"column":16}},"6":{"start":{"line":16,"column":30},"end":{"line":27,"column":1}},"7":{"start":{"line":17,"column":2},"end":{"line":26,"column":3}},"8":{"start":{"line":19,"column":6},"end":{"line":19,"column":23}},"9":{"start":{"line":21,"column":6},"end":{"line":21,"column":23}},"10":{"start":{"line":23,"column":6},"end":{"line":23,"column":22}},"11":{"start":{"line":25,"column":6},"end":{"line":25,"column":16}},"12":{"start":{"line":29,"column":33},"end":{"line":40,"column":1}},"13":{"start":{"line":30,"column":2},"end":{"line":39,"column":3}},"14":{"start":{"line":32,"column":6},"end":{"line":32,"column":21}},"15":{"start":{"line":34,"column":6},"end":{"line":34,"column":21}},"16":{"start":{"line":36,"column":6},"end":{"line":36,"column":22}},"17":{"start":{"line":38,"column":6},"end":{"line":38,"column":16}},"18":{"start":{"line":42,"column":37},"end":{"line":53,"column":1}},"19":{"start":{"line":43,"column":2},"end":{"line":52,"column":3}},"20":{"start":{"line":45,"column":6},"end":{"line":45,"column":36}},"21":{"start":{"line":47,"column":6},"end":{"line":47,"column":36}},"22":{"start":{"line":49,"column":6},"end":{"line":49,"column":32}},"23":{"start":{"line":51,"column":6},"end":{"line":51,"column":16}},"24":{"start":{"line":55,"column":40},"end":{"line":66,"column":1}},"25":{"start":{"line":56,"column":2},"end":{"line":65,"column":3}},"26":{"start":{"line":58,"column":6},"end":{"line":58,"column":31}},"27":{"start":{"line":60,"column":6},"end":{"line":60,"column":31}},"28":{"start":{"line":62,"column":6},"end":{"line":62,"column":32}},"29":{"start":{"line":64,"column":6},"end":{"line":64,"column":16}},"30":{"start":{"line":68,"column":31},"end":{"line":75,"column":1}},"31":{"start":{"line":77,"column":30},"end":{"line":83,"column":1}},"32":{"start":{"line":81,"column":20},"end":{"line":81,"column":31}},"33":{"start":{"line":82,"column":21},"end":{"line":82,"column":33}},"34":{"start":{"line":85,"column":26},"end":{"line":89,"column":1}},"35":{"start":{"line":91,"column":27},"end":{"line":97,"column":1}},"36":{"start":{"line":94,"column":20},"end":{"line":94,"column":47}},"37":{"start":{"line":99,"column":30},"end":{"line":103,"column":1}},"38":{"start":{"line":102,"column":20},"end":{"line":102,"column":50}},"39":{"start":{"line":105,"column":28},"end":{"line":113,"column":1}},"40":{"start":{"line":106,"column":21},"end":{"line":106,"column":55}},"41":{"start":{"line":115,"column":36},"end":{"line":123,"column":1}},"42":{"start":{"line":116,"column":21},"end":{"line":116,"column":58}},"43":{"start":{"line":125,"column":29},"end":{"line":129,"column":1}},"44":{"start":{"line":131,"column":26},"end":{"line":137,"column":1}},"45":{"start":{"line":133,"column":25},"end":{"line":133,"column":44}},"46":{"start":{"line":136,"column":21},"end":{"line":136,"column":52}},"47":{"start":{"line":139,"column":40},"end":{"line":144,"column":1}},"48":{"start":{"line":146,"column":32},"end":{"line":150,"column":1}},"49":{"start":{"line":152,"column":20},"end":{"line":160,"column":1}}},"fnMap":{"0":{"name":"(anonymous_0)","decl":{"start":{"line":3,"column":27},"end":{"line":3,"column":28}},"loc":{"start":{"line":3,"column":63},"end":{"line":14,"column":1}},"line":3},"1":{"name":"(anonymous_1)","decl":{"start":{"line":16,"column":30},"end":{"line":16,"column":31}},"loc":{"start":{"line":16,"column":38},"end":{"line":27,"column":1}},"line":16},"2":{"name":"(anonymous_2)","decl":{"start":{"line":29,"column":33},"end":{"line":29,"column":34}},"loc":{"start":{"line":29,"column":41},"end":{"line":40,"column":1}},"line":29},"3":{"name":"(anonymous_3)","decl":{"start":{"line":42,"column":37},"end":{"line":42,"column":38}},"loc":{"start":{"line":42,"column":45},"end":{"line":53,"column":1}},"line":42},"4":{"name":"(anonymous_4)","decl":{"start":{"line":55,"column":40},"end":{"line":55,"column":41}},"loc":{"start":{"line":55,"column":48},"end":{"line":66,"column":1}},"line":55},"5":{"name":"(anonymous_5)","decl":{"start":{"line":81,"column":11},"end":{"line":81,"column":12}},"loc":{"start":{"line":81,"column":20},"end":{"line":81,"column":31}},"line":81},"6":{"name":"(anonymous_6)","decl":{"start":{"line":82,"column":12},"end":{"line":82,"column":13}},"loc":{"start":{"line":82,"column":21},"end":{"line":82,"column":33}},"line":82},"7":{"name":"(anonymous_7)","decl":{"start":{"line":94,"column":11},"end":{"line":94,"column":12}},"loc":{"start":{"line":94,"column":20},"end":{"line":94,"column":47}},"line":94},"8":{"name":"(anonymous_8)","decl":{"start":{"line":102,"column":11},"end":{"line":102,"column":12}},"loc":{"start":{"line":102,"column":20},"end":{"line":102,"column":50}},"line":102},"9":{"name":"(anonymous_9)","decl":{"start":{"line":106,"column":12},"end":{"line":106,"column":13}},"loc":{"start":{"line":106,"column":21},"end":{"line":106,"column":55}},"line":106},"10":{"name":"(anonymous_10)","decl":{"start":{"line":116,"column":12},"end":{"line":116,"column":13}},"loc":{"start":{"line":116,"column":21},"end":{"line":116,"column":58}},"line":116},"11":{"name":"(anonymous_11)","decl":{"start":{"line":133,"column":15},"end":{"line":133,"column":16}},"loc":{"start":{"line":133,"column":25},"end":{"line":133,"column":44}},"line":133},"12":{"name":"(anonymous_12)","decl":{"start":{"line":136,"column":11},"end":{"line":136,"column":12}},"loc":{"start":{"line":136,"column":21},"end":{"line":136,"column":52}},"line":136}},"branchMap":{"0":{"loc":{"start":{"line":4,"column":2},"end":{"line":13,"column":3}},"type":"switch","locations":[{"start":{"line":5,"column":4},"end":{"line":6,"column":24}},{"start":{"line":7,"column":4},"end":{"line":8,"column":24}},{"start":{"line":9,"column":4},"end":{"line":10,"column":26}},{"start":{"line":11,"column":4},"end":{"line":12,"column":16}}],"line":4},"1":{"loc":{"start":{"line":17,"column":2},"end":{"line":26,"column":3}},"type":"switch","locations":[{"start":{"line":18,"column":4},"end":{"line":19,"column":23}},{"start":{"line":20,"column":4},"end":{"line":21,"column":23}},{"start":{"line":22,"column":4},"end":{"line":23,"column":22}},{"start":{"line":24,"column":4},"end":{"line":25,"column":16}}],"line":17},"2":{"loc":{"start":{"line":30,"column":2},"end":{"line":39,"column":3}},"type":"switch","locations":[{"start":{"line":31,"column":4},"end":{"line":32,"column":21}},{"start":{"line":33,"column":4},"end":{"line":34,"column":21}},{"start":{"line":35,"column":4},"end":{"line":36,"column":22}},{"start":{"line":37,"column":4},"end":{"line":38,"column":16}}],"line":30},"3":{"loc":{"start":{"line":43,"column":2},"end":{"line":52,"column":3}},"type":"switch","locations":[{"start":{"line":44,"column":4},"end":{"line":45,"column":36}},{"start":{"line":46,"column":4},"end":{"line":47,"column":36}},{"start":{"line":48,"column":4},"end":{"line":49,"column":32}},{"start":{"line":50,"column":4},"end":{"line":51,"column":16}}],"line":43},"4":{"loc":{"start":{"line":56,"column":2},"end":{"line":65,"column":3}},"type":"switch","locations":[{"start":{"line":57,"column":4},"end":{"line":58,"column":31}},{"start":{"line":59,"column":4},"end":{"line":60,"column":31}},{"start":{"line":61,"column":4},"end":{"line":62,"column":32}},{"start":{"line":63,"column":4},"end":{"line":64,"column":16}}],"line":56},"5":{"loc":{"start":{"line":133,"column":25},"end":{"line":133,"column":44}},"type":"cond-expr","locations":[{"start":{"line":133,"column":37},"end":{"line":133,"column":39}},{"start":{"line":133,"column":42},"end":{"line":133,"column":44}}],"line":133},"6":{"loc":{"start":{"line":136,"column":21},"end":{"line":136,"column":52}},"type":"cond-expr","locations":[{"start":{"line":136,"column":33},"end":{"line":136,"column":40}},{"start":{"line":136,"column":43},"end":{"line":136,"column":52}}],"line":136}},"s":{"0":2,"1":0,"2":0,"3":0,"4":0,"5":0,"6":2,"7":0,"8":0,"9":0,"10":0,"11":0,"12":2,"13":0,"14":0,"15":0,"16":0,"17":0,"18":2,"19":0,"20":0,"21":0,"22":0,"23":0,"24":2,"25":0,"26":0,"27":0,"28":0,"29":0,"30":2,"31":2,"32":0,"33":0,"34":2,"35":2,"36":0,"37":2,"38":0,"39":2,"40":0,"41":2,"42":0,"43":2,"44":2,"45":0,"46":0,"47":2,"48":2,"49":2},"f":{"0":0,"1":0,"2":0,"3":0,"4":0,"5":0,"6":0,"7":0,"8":0,"9":0,"10":0,"11":0,"12":0},"b":{"0":[0,0,0,0],"1":[0,0,0,0],"2":[0,0,0,0],"3":[0,0,0,0],"4":[0,0,0,0],"5":[0,0],"6":[0,0]},"_coverageSchema":"332fd63041d2c1bcb487cc26dd0d5f7d97098a6c","hash":"b2b4e338241fd0fb3c9bb1a0c80b35d208f41a03"}
,"/Users/kellanriley/kornershop/Compass-Native/src/containers/Eligible.js": {"path":"/Users/kellanriley/kornershop/Compass-Native/src/containers/Eligible.js","statementMap":{"0":{"start":{"line":18,"column":17},"end":{"line":61,"column":9}},"1":{"start":{"line":19,"column":2},"end":{"line":61,"column":9}},"2":{"start":{"line":63,"column":0},"end":{"line":66,"column":2}},"3":{"start":{"line":68,"column":27},"end":{"line":73,"column":2}},"4":{"start":{"line":68,"column":40},"end":{"line":73,"column":1}}},"fnMap":{"0":{"name":"(anonymous_0)","decl":{"start":{"line":18,"column":17},"end":{"line":18,"column":18}},"loc":{"start":{"line":19,"column":2},"end":{"line":61,"column":9}},"line":19},"1":{"name":"(anonymous_1)","decl":{"start":{"line":68,"column":27},"end":{"line":68,"column":28}},"loc":{"start":{"line":68,"column":40},"end":{"line":73,"column":1}},"line":68}},"branchMap":{},"s":{"0":2,"1":0,"2":2,"3":2,"4":0},"f":{"0":0,"1":0},"b":{},"_coverageSchema":"332fd63041d2c1bcb487cc26dd0d5f7d97098a6c","hash":"b9a91650b9d3bb73963b378767dd7d5aadd215a4"}
,"/Users/kellanriley/kornershop/Compass-Native/src/containers/Ineligible.js": {"path":"/Users/kellanriley/kornershop/Compass-Native/src/containers/Ineligible.js","statementMap":{"0":{"start":{"line":18,"column":19},"end":{"line":62,"column":9}},"1":{"start":{"line":19,"column":2},"end":{"line":62,"column":9}},"2":{"start":{"line":64,"column":0},"end":{"line":67,"column":2}},"3":{"start":{"line":69,"column":27},"end":{"line":74,"column":2}},"4":{"start":{"line":69,"column":40},"end":{"line":74,"column":1}}},"fnMap":{"0":{"name":"(anonymous_0)","decl":{"start":{"line":18,"column":19},"end":{"line":18,"column":20}},"loc":{"start":{"line":19,"column":2},"end":{"line":62,"column":9}},"line":19},"1":{"name":"(anonymous_1)","decl":{"start":{"line":69,"column":27},"end":{"line":69,"column":28}},"loc":{"start":{"line":69,"column":40},"end":{"line":74,"column":1}},"line":69}},"branchMap":{},"s":{"0":2,"1":0,"2":2,"3":2,"4":0},"f":{"0":0,"1":0},"b":{},"_coverageSchema":"332fd63041d2c1bcb487cc26dd0d5f7d97098a6c","hash":"c57f648db17178edd3ff2258cf1d2cd7844a614b"}
,"/Users/kellanriley/kornershop/Compass-Native/src/containers/Map.js": {"path":"/Users/kellanriley/kornershop/Compass-Native/src/containers/Map.js","statementMap":{"0":{"start":{"line":30,"column":4},"end":{"line":30,"column":17}},"1":{"start":{"line":31,"column":4},"end":{"line":31,"column":51}},"2":{"start":{"line":34,"column":4},"end":{"line":34,"column":30}},"3":{"start":{"line":37,"column":4},"end":{"line":44,"column":5}},"4":{"start":{"line":38,"column":6},"end":{"line":38,"column":41}},"5":{"start":{"line":40,"column":24},"end":{"line":40,"column":41}},"6":{"start":{"line":42,"column":6},"end":{"line":42,"column":60}},"7":{"start":{"line":43,"column":6},"end":{"line":43,"column":32}},"8":{"start":{"line":47,"column":19},"end":{"line":61,"column":5}},"9":{"start":{"line":63,"column":6},"end":{"line":65,"column":31}},"10":{"start":{"line":66,"column":4},"end":{"line":161,"column":5}},"11":{"start":{"line":67,"column":6},"end":{"line":160,"column":8}},"12":{"start":{"line":128,"column":14},"end":{"line":147,"column":31}},"13":{"start":{"line":162,"column":4},"end":{"line":166,"column":6}},"14":{"start":{"line":170,"column":0},"end":{"line":173,"column":2}},"15":{"start":{"line":175,"column":0},"end":{"line":220,"column":2}}},"fnMap":{"0":{"name":"(anonymous_0)","decl":{"start":{"line":29,"column":2},"end":{"line":29,"column":3}},"loc":{"start":{"line":29,"column":21},"end":{"line":32,"column":3}},"line":29},"1":{"name":"(anonymous_1)","decl":{"start":{"line":33,"column":2},"end":{"line":33,"column":3}},"loc":{"start":{"line":33,"column":22},"end":{"line":35,"column":3}},"line":33},"2":{"name":"(anonymous_2)","decl":{"start":{"line":36,"column":2},"end":{"line":36,"column":3}},"loc":{"start":{"line":36,"column":19},"end":{"line":45,"column":3}},"line":36},"3":{"name":"(anonymous_3)","decl":{"start":{"line":46,"column":2},"end":{"line":46,"column":3}},"loc":{"start":{"line":46,"column":11},"end":{"line":167,"column":3}},"line":46},"4":{"name":"(anonymous_4)","decl":{"start":{"line":127,"column":25},"end":{"line":127,"column":26}},"loc":{"start":{"line":128,"column":14},"end":{"line":147,"column":31}},"line":128}},"branchMap":{"0":{"loc":{"start":{"line":37,"column":4},"end":{"line":44,"column":5}},"type":"if","locations":[{"start":{"line":37,"column":4},"end":{"line":44,"column":5}},{"start":{"line":37,"column":4},"end":{"line":44,"column":5}}],"line":37},"1":{"loc":{"start":{"line":40,"column":24},"end":{"line":40,"column":41}},"type":"cond-expr","locations":[{"start":{"line":40,"column":36},"end":{"line":40,"column":37}},{"start":{"line":40,"column":40},"end":{"line":40,"column":41}}],"line":40},"2":{"loc":{"start":{"line":63,"column":6},"end":{"line":65,"column":31}},"type":"cond-expr","locations":[{"start":{"line":64,"column":10},"end":{"line":64,"column":32}},{"start":{"line":65,"column":10},"end":{"line":65,"column":31}}],"line":63},"3":{"loc":{"start":{"line":66,"column":4},"end":{"line":161,"column":5}},"type":"if","locations":[{"start":{"line":66,"column":4},"end":{"line":161,"column":5}},{"start":{"line":66,"column":4},"end":{"line":161,"column":5}}],"line":66},"4":{"loc":{"start":{"line":88,"column":27},"end":{"line":88,"column":58}},"type":"cond-expr","locations":[{"start":{"line":88,"column":53},"end":{"line":88,"column":54}},{"start":{"line":88,"column":57},"end":{"line":88,"column":58}}],"line":88},"5":{"loc":{"start":{"line":124,"column":22},"end":{"line":124,"column":61}},"type":"cond-expr","locations":[{"start":{"line":124,"column":46},"end":{"line":124,"column":50}},{"start":{"line":124,"column":53},"end":{"line":124,"column":61}}],"line":124}},"s":{"0":0,"1":0,"2":0,"3":0,"4":0,"5":0,"6":0,"7":0,"8":0,"9":0,"10":0,"11":0,"12":0,"13":0,"14":2,"15":2},"f":{"0":0,"1":0,"2":0,"3":0,"4":0},"b":{"0":[0,0],"1":[0,0],"2":[0,0],"3":[0,0],"4":[0,0],"5":[0,0]},"_coverageSchema":"332fd63041d2c1bcb487cc26dd0d5f7d97098a6c","hash":"8f6b84e403e3ed2affd2cc453f80c1d95841c9fe"}
,"/Users/kellanriley/kornershop/Compass-Native/src/containers/NavigationProvider.js": {"path":"/Users/kellanriley/kornershop/Compass-Native/src/containers/NavigationProvider.js","statementMap":{"0":{"start":{"line":9,"column":2},"end":{"line":13,"column":23}}},"fnMap":{"0":{"name":"(anonymous_0)","decl":{"start":{"line":8,"column":15},"end":{"line":8,"column":16}},"loc":{"start":{"line":9,"column":2},"end":{"line":13,"column":23}},"line":9}},"branchMap":{},"s":{"0":0},"f":{"0":0},"b":{},"_coverageSchema":"332fd63041d2c1bcb487cc26dd0d5f7d97098a6c","hash":"2f29abd928ab29e1c0fc7902b89ef2b4d84945fd"}
,"/Users/kellanriley/kornershop/Compass-Native/src/containers/Office.js": {"path":"/Users/kellanriley/kornershop/Compass-Native/src/containers/Office.js","statementMap":{"0":{"start":{"line":16,"column":15},"end":{"line":147,"column":1}},"1":{"start":{"line":17,"column":23},"end":{"line":20,"column":3}},"2":{"start":{"line":18,"column":4},"end":{"line":18,"column":48}},"3":{"start":{"line":19,"column":4},"end":{"line":19,"column":29}},"4":{"start":{"line":21,"column":2},"end":{"line":146,"column":4}},"5":{"start":{"line":43,"column":25},"end":{"line":43,"column":40}},"6":{"start":{"line":81,"column":29},"end":{"line":81,"column":44}},"7":{"start":{"line":93,"column":25},"end":{"line":93,"column":40}},"8":{"start":{"line":131,"column":29},"end":{"line":131,"column":44}},"9":{"start":{"line":149,"column":0},"end":{"line":161,"column":2}}},"fnMap":{"0":{"name":"(anonymous_0)","decl":{"start":{"line":16,"column":15},"end":{"line":16,"column":16}},"loc":{"start":{"line":16,"column":24},"end":{"line":147,"column":1}},"line":16},"1":{"name":"(anonymous_1)","decl":{"start":{"line":17,"column":23},"end":{"line":17,"column":24}},"loc":{"start":{"line":17,"column":36},"end":{"line":20,"column":3}},"line":17},"2":{"name":"(anonymous_2)","decl":{"start":{"line":43,"column":19},"end":{"line":43,"column":20}},"loc":{"start":{"line":43,"column":25},"end":{"line":43,"column":40}},"line":43},"3":{"name":"(anonymous_3)","decl":{"start":{"line":81,"column":23},"end":{"line":81,"column":24}},"loc":{"start":{"line":81,"column":29},"end":{"line":81,"column":44}},"line":81},"4":{"name":"(anonymous_4)","decl":{"start":{"line":93,"column":19},"end":{"line":93,"column":20}},"loc":{"start":{"line":93,"column":25},"end":{"line":93,"column":40}},"line":93},"5":{"name":"(anonymous_5)","decl":{"start":{"line":131,"column":23},"end":{"line":131,"column":24}},"loc":{"start":{"line":131,"column":29},"end":{"line":131,"column":44}},"line":131}},"branchMap":{},"s":{"0":2,"1":0,"2":0,"3":0,"4":0,"5":0,"6":0,"7":0,"8":0,"9":2},"f":{"0":0,"1":0,"2":0,"3":0,"4":0,"5":0},"b":{},"_coverageSchema":"332fd63041d2c1bcb487cc26dd0d5f7d97098a6c","hash":"ec06200574d59c55e8317dbfd9e72c3b96127b1f"}
,"/Users/kellanriley/kornershop/Compass-Native/src/containers/Onboard.js": {"path":"/Users/kellanriley/kornershop/Compass-Native/src/containers/Onboard.js","statementMap":{},"fnMap":{},"branchMap":{},"s":{},"f":{},"b":{},"_coverageSchema":"332fd63041d2c1bcb487cc26dd0d5f7d97098a6c","hash":"af515396a2ad82bb4fa42e64b4edc6d84a72508c"}
,"/Users/kellanriley/kornershop/Compass-Native/src/containers/WicForm.js": {"path":"/Users/kellanriley/kornershop/Compass-Native/src/containers/WicForm.js","statementMap":{"0":{"start":{"line":21,"column":16},"end":{"line":203,"column":9}},"1":{"start":{"line":22,"column":2},"end":{"line":203,"column":9}},"2":{"start":{"line":60,"column":14},"end":{"line":60,"column":48}},"3":{"start":{"line":61,"column":14},"end":{"line":65,"column":15}},"4":{"start":{"line":62,"column":16},"end":{"line":64,"column":19}},"5":{"start":{"line":66,"column":14},"end":{"line":68,"column":17}},"6":{"start":{"line":84,"column":14},"end":{"line":84,"column":44}},"7":{"start":{"line":85,"column":14},"end":{"line":93,"column":15}},"8":{"start":{"line":90,"column":16},"end":{"line":92,"column":19}},"9":{"start":{"line":94,"column":14},"end":{"line":96,"column":17}},"10":{"start":{"line":150,"column":12},"end":{"line":160,"column":13}},"11":{"start":{"line":152,"column":14},"end":{"line":154,"column":17}},"12":{"start":{"line":157,"column":14},"end":{"line":159,"column":17}},"13":{"start":{"line":162,"column":12},"end":{"line":182,"column":13}},"14":{"start":{"line":167,"column":14},"end":{"line":171,"column":16}},"15":{"start":{"line":173,"column":14},"end":{"line":180,"column":17}},"16":{"start":{"line":183,"column":12},"end":{"line":187,"column":13}},"17":{"start":{"line":184,"column":14},"end":{"line":186,"column":17}},"18":{"start":{"line":188,"column":12},"end":{"line":192,"column":13}},"19":{"start":{"line":189,"column":14},"end":{"line":191,"column":17}},"20":{"start":{"line":193,"column":12},"end":{"line":197,"column":13}},"21":{"start":{"line":194,"column":14},"end":{"line":196,"column":17}},"22":{"start":{"line":205,"column":0},"end":{"line":216,"column":2}}},"fnMap":{"0":{"name":"(anonymous_0)","decl":{"start":{"line":21,"column":16},"end":{"line":21,"column":17}},"loc":{"start":{"line":22,"column":2},"end":{"line":203,"column":9}},"line":22},"1":{"name":"(anonymous_1)","decl":{"start":{"line":59,"column":26},"end":{"line":59,"column":27}},"loc":{"start":{"line":59,"column":40},"end":{"line":69,"column":13}},"line":59},"2":{"name":"(anonymous_2)","decl":{"start":{"line":83,"column":26},"end":{"line":83,"column":27}},"loc":{"start":{"line":83,"column":36},"end":{"line":97,"column":13}},"line":83},"3":{"name":"(anonymous_3)","decl":{"start":{"line":148,"column":19},"end":{"line":148,"column":20}},"loc":{"start":{"line":148,"column":25},"end":{"line":199,"column":11}},"line":148}},"branchMap":{"0":{"loc":{"start":{"line":56,"column":29},"end":{"line":58,"column":25}},"type":"cond-expr","locations":[{"start":{"line":57,"column":16},"end":{"line":57,"column":41}},{"start":{"line":58,"column":16},"end":{"line":58,"column":25}}],"line":56},"1":{"loc":{"start":{"line":61,"column":14},"end":{"line":65,"column":15}},"type":"if","locations":[{"start":{"line":61,"column":14},"end":{"line":65,"column":15}},{"start":{"line":61,"column":14},"end":{"line":65,"column":15}}],"line":61},"2":{"loc":{"start":{"line":61,"column":18},"end":{"line":61,"column":51}},"type":"binary-expr","locations":[{"start":{"line":61,"column":18},"end":{"line":61,"column":32}},{"start":{"line":61,"column":36},"end":{"line":61,"column":51}}],"line":61},"3":{"loc":{"start":{"line":80,"column":29},"end":{"line":82,"column":25}},"type":"cond-expr","locations":[{"start":{"line":81,"column":16},"end":{"line":81,"column":41}},{"start":{"line":82,"column":16},"end":{"line":82,"column":25}}],"line":80},"4":{"loc":{"start":{"line":85,"column":14},"end":{"line":93,"column":15}},"type":"if","locations":[{"start":{"line":85,"column":14},"end":{"line":93,"column":15}},{"start":{"line":85,"column":14},"end":{"line":93,"column":15}}],"line":85},"5":{"loc":{"start":{"line":150,"column":12},"end":{"line":160,"column":13}},"type":"if","locations":[{"start":{"line":150,"column":12},"end":{"line":160,"column":13}},{"start":{"line":150,"column":12},"end":{"line":160,"column":13}}],"line":150},"6":{"loc":{"start":{"line":162,"column":12},"end":{"line":182,"column":13}},"type":"if","locations":[{"start":{"line":162,"column":12},"end":{"line":182,"column":13}},{"start":{"line":162,"column":12},"end":{"line":182,"column":13}}],"line":162},"7":{"loc":{"start":{"line":163,"column":14},"end":{"line":165,"column":31}},"type":"binary-expr","locations":[{"start":{"line":163,"column":14},"end":{"line":163,"column":35}},{"start":{"line":164,"column":14},"end":{"line":164,"column":35}},{"start":{"line":165,"column":14},"end":{"line":165,"column":31}}],"line":163},"8":{"loc":{"start":{"line":183,"column":12},"end":{"line":187,"column":13}},"type":"if","locations":[{"start":{"line":183,"column":12},"end":{"line":187,"column":13}},{"start":{"line":183,"column":12},"end":{"line":187,"column":13}}],"line":183},"9":{"loc":{"start":{"line":188,"column":12},"end":{"line":192,"column":13}},"type":"if","locations":[{"start":{"line":188,"column":12},"end":{"line":192,"column":13}},{"start":{"line":188,"column":12},"end":{"line":192,"column":13}}],"line":188},"10":{"loc":{"start":{"line":193,"column":12},"end":{"line":197,"column":13}},"type":"if","locations":[{"start":{"line":193,"column":12},"end":{"line":197,"column":13}},{"start":{"line":193,"column":12},"end":{"line":197,"column":13}}],"line":193}},"s":{"0":2,"1":0,"2":0,"3":0,"4":0,"5":0,"6":0,"7":0,"8":0,"9":0,"10":0,"11":0,"12":0,"13":0,"14":0,"15":0,"16":0,"17":0,"18":0,"19":0,"20":0,"21":0,"22":2},"f":{"0":0,"1":0,"2":0,"3":0},"b":{"0":[0,0],"1":[0,0],"2":[0,0],"3":[0,0],"4":[0,0],"5":[0,0],"6":[0,0],"7":[0,0,0],"8":[0,0],"9":[0,0],"10":[0,0]},"_coverageSchema":"332fd63041d2c1bcb487cc26dd0d5f7d97098a6c","hash":"af9ec2ad57725505b8de509fef775bb364549562"}
,"/Users/kellanriley/kornershop/Compass-Native/src/containers/ZipModal.js": {"path":"/Users/kellanriley/kornershop/Compass-Native/src/containers/ZipModal.js","statementMap":{"0":{"start":{"line":18,"column":4},"end":{"line":18,"column":17}},"1":{"start":{"line":19,"column":4},"end":{"line":22,"column":6}},"2":{"start":{"line":23,"column":4},"end":{"line":23,"column":51}},"3":{"start":{"line":26,"column":4},"end":{"line":26,"column":31}},"4":{"start":{"line":29,"column":4},"end":{"line":105,"column":6}},"5":{"start":{"line":65,"column":16},"end":{"line":65,"column":42}},"6":{"start":{"line":66,"column":16},"end":{"line":70,"column":17}},"7":{"start":{"line":67,"column":18},"end":{"line":69,"column":21}},"8":{"start":{"line":71,"column":16},"end":{"line":73,"column":19}},"9":{"start":{"line":85,"column":14},"end":{"line":90,"column":15}},"10":{"start":{"line":86,"column":16},"end":{"line":86,"column":80}},"11":{"start":{"line":87,"column":16},"end":{"line":87,"column":46}},"12":{"start":{"line":88,"column":16},"end":{"line":88,"column":56}},"13":{"start":{"line":89,"column":16},"end":{"line":89,"column":51}},"14":{"start":{"line":91,"column":14},"end":{"line":91,"column":26}},"15":{"start":{"line":94,"column":14},"end":{"line":99,"column":15}},"16":{"start":{"line":95,"column":16},"end":{"line":95,"column":80}},"17":{"start":{"line":96,"column":16},"end":{"line":96,"column":46}},"18":{"start":{"line":97,"column":16},"end":{"line":97,"column":56}},"19":{"start":{"line":98,"column":16},"end":{"line":98,"column":51}},"20":{"start":{"line":100,"column":14},"end":{"line":100,"column":26}},"21":{"start":{"line":109,"column":0},"end":{"line":117,"column":2}}},"fnMap":{"0":{"name":"(anonymous_0)","decl":{"start":{"line":17,"column":2},"end":{"line":17,"column":3}},"loc":{"start":{"line":17,"column":21},"end":{"line":24,"column":3}},"line":17},"1":{"name":"(anonymous_1)","decl":{"start":{"line":25,"column":2},"end":{"line":25,"column":3}},"loc":{"start":{"line":25,"column":23},"end":{"line":27,"column":3}},"line":25},"2":{"name":"(anonymous_2)","decl":{"start":{"line":28,"column":2},"end":{"line":28,"column":3}},"loc":{"start":{"line":28,"column":11},"end":{"line":106,"column":3}},"line":28},"3":{"name":"(anonymous_3)","decl":{"start":{"line":64,"column":28},"end":{"line":64,"column":29}},"loc":{"start":{"line":64,"column":39},"end":{"line":74,"column":15}},"line":64},"4":{"name":"(anonymous_4)","decl":{"start":{"line":84,"column":21},"end":{"line":84,"column":22}},"loc":{"start":{"line":84,"column":27},"end":{"line":92,"column":13}},"line":84},"5":{"name":"(anonymous_5)","decl":{"start":{"line":93,"column":32},"end":{"line":93,"column":33}},"loc":{"start":{"line":93,"column":38},"end":{"line":101,"column":13}},"line":93}},"branchMap":{"0":{"loc":{"start":{"line":61,"column":31},"end":{"line":63,"column":27}},"type":"cond-expr","locations":[{"start":{"line":62,"column":18},"end":{"line":62,"column":43}},{"start":{"line":63,"column":18},"end":{"line":63,"column":27}}],"line":61},"1":{"loc":{"start":{"line":66,"column":16},"end":{"line":70,"column":17}},"type":"if","locations":[{"start":{"line":66,"column":16},"end":{"line":70,"column":17}},{"start":{"line":66,"column":16},"end":{"line":70,"column":17}}],"line":66},"2":{"loc":{"start":{"line":85,"column":14},"end":{"line":90,"column":15}},"type":"if","locations":[{"start":{"line":85,"column":14},"end":{"line":90,"column":15}},{"start":{"line":85,"column":14},"end":{"line":90,"column":15}}],"line":85},"3":{"loc":{"start":{"line":85,"column":18},"end":{"line":85,"column":59}},"type":"binary-expr","locations":[{"start":{"line":85,"column":18},"end":{"line":85,"column":37}},{"start":{"line":85,"column":41},"end":{"line":85,"column":59}}],"line":85},"4":{"loc":{"start":{"line":94,"column":14},"end":{"line":99,"column":15}},"type":"if","locations":[{"start":{"line":94,"column":14},"end":{"line":99,"column":15}},{"start":{"line":94,"column":14},"end":{"line":99,"column":15}}],"line":94},"5":{"loc":{"start":{"line":94,"column":18},"end":{"line":94,"column":59}},"type":"binary-expr","locations":[{"start":{"line":94,"column":18},"end":{"line":94,"column":37}},{"start":{"line":94,"column":41},"end":{"line":94,"column":59}}],"line":94}},"s":{"0":0,"1":0,"2":0,"3":0,"4":0,"5":0,"6":0,"7":0,"8":0,"9":0,"10":0,"11":0,"12":0,"13":0,"14":0,"15":0,"16":0,"17":0,"18":0,"19":0,"20":0,"21":2},"f":{"0":0,"1":0,"2":0,"3":0,"4":0,"5":0},"b":{"0":[0,0],"1":[0,0],"2":[0,0],"3":[0,0],"4":[0,0],"5":[0,0]},"_coverageSchema":"332fd63041d2c1bcb487cc26dd0d5f7d97098a6c","hash":"a04909778f2b5cb1499439c69a8104f9fe8e657b"}
,"/Users/kellanriley/kornershop/Compass-Native/src/navigation/RootNavigation.js": {"path":"/Users/kellanriley/kornershop/Compass-Native/src/navigation/RootNavigation.js","statementMap":{"0":{"start":{"line":18,"column":4},"end":{"line":73,"column":6}},"1":{"start":{"line":31,"column":12},"end":{"line":37,"column":18}},"2":{"start":{"line":47,"column":12},"end":{"line":51,"column":14}},"3":{"start":{"line":61,"column":12},"end":{"line":65,"column":14}}},"fnMap":{"0":{"name":"(anonymous_0)","decl":{"start":{"line":17,"column":2},"end":{"line":17,"column":3}},"loc":{"start":{"line":17,"column":11},"end":{"line":74,"column":3}},"line":17},"1":{"name":"(anonymous_1)","decl":{"start":{"line":30,"column":22},"end":{"line":30,"column":23}},"loc":{"start":{"line":31,"column":12},"end":{"line":37,"column":18}},"line":31},"2":{"name":"(anonymous_2)","decl":{"start":{"line":46,"column":22},"end":{"line":46,"column":23}},"loc":{"start":{"line":47,"column":12},"end":{"line":51,"column":14}},"line":47},"3":{"name":"(anonymous_3)","decl":{"start":{"line":60,"column":22},"end":{"line":60,"column":23}},"loc":{"start":{"line":61,"column":12},"end":{"line":65,"column":14}},"line":61}},"branchMap":{"0":{"loc":{"start":{"line":31,"column":12},"end":{"line":37,"column":18}},"type":"cond-expr","locations":[{"start":{"line":32,"column":16},"end":{"line":32,"column":70}},{"start":{"line":33,"column":16},"end":{"line":37,"column":18}}],"line":31}},"s":{"0":0,"1":0,"2":0,"3":0},"f":{"0":0,"1":0,"2":0,"3":0},"b":{"0":[0,0]},"_coverageSchema":"332fd63041d2c1bcb487cc26dd0d5f7d97098a6c","hash":"0bf92d91924428abb369ae31aa5a5d9de4bc57b3"}
,"/Users/kellanriley/kornershop/Compass-Native/src/navigation/Router.js": {"path":"/Users/kellanriley/kornershop/Compass-Native/src/navigation/Router.js","statementMap":{"0":{"start":{"line":8,"column":35},"end":{"line":13,"column":1}},"1":{"start":{"line":9,"column":19},"end":{"line":9,"column":28}},"2":{"start":{"line":10,"column":14},"end":{"line":10,"column":18}},"3":{"start":{"line":11,"column":13},"end":{"line":11,"column":16}},"4":{"start":{"line":12,"column":24},"end":{"line":12,"column":38}}},"fnMap":{"0":{"name":"(anonymous_0)","decl":{"start":{"line":8,"column":28},"end":{"line":8,"column":29}},"loc":{"start":{"line":8,"column":35},"end":{"line":13,"column":1}},"line":8},"1":{"name":"(anonymous_1)","decl":{"start":{"line":9,"column":13},"end":{"line":9,"column":14}},"loc":{"start":{"line":9,"column":19},"end":{"line":9,"column":28}},"line":9},"2":{"name":"(anonymous_2)","decl":{"start":{"line":10,"column":8},"end":{"line":10,"column":9}},"loc":{"start":{"line":10,"column":14},"end":{"line":10,"column":18}},"line":10},"3":{"name":"(anonymous_3)","decl":{"start":{"line":11,"column":7},"end":{"line":11,"column":8}},"loc":{"start":{"line":11,"column":13},"end":{"line":11,"column":16}},"line":11},"4":{"name":"(anonymous_4)","decl":{"start":{"line":12,"column":18},"end":{"line":12,"column":19}},"loc":{"start":{"line":12,"column":24},"end":{"line":12,"column":38}},"line":12}},"branchMap":{},"s":{"0":0,"1":0,"2":0,"3":0,"4":0},"f":{"0":0,"1":0,"2":0,"3":0,"4":0},"b":{},"_coverageSchema":"332fd63041d2c1bcb487cc26dd0d5f7d97098a6c","hash":"528daaf4760adea531e6967359965afa438e70a0"}
,"/Users/kellanriley/kornershop/Compass-Native/src/redux/initialState.js": {"path":"/Users/kellanriley/kornershop/Compass-Native/src/redux/initialState.js","statementMap":{},"fnMap":{},"branchMap":{},"s":{},"f":{},"b":{},"_coverageSchema":"332fd63041d2c1bcb487cc26dd0d5f7d97098a6c","hash":"1db1e7457a340d50a670eb960b0ae8271952acce"}
,"/Users/kellanriley/kornershop/Compass-Native/src/redux/store.js": {"path":"/Users/kellanriley/kornershop/Compass-Native/src/redux/store.js","statementMap":{},"fnMap":{},"branchMap":{},"s":{},"f":{},"b":{},"_coverageSchema":"332fd63041d2c1bcb487cc26dd0d5f7d97098a6c","hash":"4c5bb030ef2a7a366cb6e0610198474d372100a4"}
,"/Users/kellanriley/kornershop/Compass-Native/src/redux/actions/actionCreators.js": {"path":"/Users/kellanriley/kornershop/Compass-Native/src/redux/actions/actionCreators.js","statementMap":{"0":{"start":{"line":18,"column":30},"end":{"line":23,"column":1}},"1":{"start":{"line":18,"column":48},"end":{"line":23,"column":1}},"2":{"start":{"line":19,"column":2},"end":{"line":21,"column":5}},"3":{"start":{"line":22,"column":2},"end":{"line":22,"column":40}},"4":{"start":{"line":25,"column":28},"end":{"line":31,"column":1}},"5":{"start":{"line":25,"column":48},"end":{"line":31,"column":1}},"6":{"start":{"line":26,"column":2},"end":{"line":29,"column":5}},"7":{"start":{"line":30,"column":2},"end":{"line":30,"column":33}},"8":{"start":{"line":33,"column":29},"end":{"line":38,"column":1}},"9":{"start":{"line":33,"column":50},"end":{"line":38,"column":1}},"10":{"start":{"line":34,"column":2},"end":{"line":36,"column":5}},"11":{"start":{"line":37,"column":2},"end":{"line":37,"column":35}},"12":{"start":{"line":40,"column":30},"end":{"line":46,"column":1}},"13":{"start":{"line":40,"column":52},"end":{"line":46,"column":1}},"14":{"start":{"line":41,"column":2},"end":{"line":41,"column":36}},"15":{"start":{"line":42,"column":18},"end":{"line":42,"column":46}},"16":{"start":{"line":43,"column":2},"end":{"line":45,"column":5}},"17":{"start":{"line":48,"column":29},"end":{"line":66,"column":1}},"18":{"start":{"line":56,"column":2},"end":{"line":62,"column":3}},"19":{"start":{"line":57,"column":4},"end":{"line":57,"column":25}},"20":{"start":{"line":58,"column":4},"end":{"line":58,"column":26}},"21":{"start":{"line":60,"column":4},"end":{"line":60,"column":20}},"22":{"start":{"line":61,"column":4},"end":{"line":61,"column":25}},"23":{"start":{"line":63,"column":18},"end":{"line":63,"column":66}},"24":{"start":{"line":64,"column":2},"end":{"line":64,"column":28}},"25":{"start":{"line":65,"column":2},"end":{"line":65,"column":36}},"26":{"start":{"line":68,"column":28},"end":{"line":80,"column":1}},"27":{"start":{"line":68,"column":36},"end":{"line":80,"column":1}},"28":{"start":{"line":69,"column":2},"end":{"line":69,"column":35}},"29":{"start":{"line":70,"column":30},"end":{"line":70,"column":40}},"30":{"start":{"line":71,"column":2},"end":{"line":77,"column":3}},"31":{"start":{"line":72,"column":44},"end":{"line":74,"column":5}},"32":{"start":{"line":76,"column":34},"end":{"line":76,"column":53}},"33":{"start":{"line":78,"column":2},"end":{"line":78,"column":52}},"34":{"start":{"line":79,"column":2},"end":{"line":79,"column":55}}},"fnMap":{"0":{"name":"(anonymous_0)","decl":{"start":{"line":18,"column":30},"end":{"line":18,"column":31}},"loc":{"start":{"line":18,"column":48},"end":{"line":23,"column":1}},"line":18},"1":{"name":"(anonymous_1)","decl":{"start":{"line":18,"column":48},"end":{"line":18,"column":49}},"loc":{"start":{"line":18,"column":60},"end":{"line":23,"column":1}},"line":18},"2":{"name":"(anonymous_2)","decl":{"start":{"line":25,"column":28},"end":{"line":25,"column":29}},"loc":{"start":{"line":25,"column":48},"end":{"line":31,"column":1}},"line":25},"3":{"name":"(anonymous_3)","decl":{"start":{"line":25,"column":48},"end":{"line":25,"column":49}},"loc":{"start":{"line":25,"column":60},"end":{"line":31,"column":1}},"line":25},"4":{"name":"(anonymous_4)","decl":{"start":{"line":33,"column":29},"end":{"line":33,"column":30}},"loc":{"start":{"line":33,"column":50},"end":{"line":38,"column":1}},"line":33},"5":{"name":"(anonymous_5)","decl":{"start":{"line":33,"column":50},"end":{"line":33,"column":51}},"loc":{"start":{"line":33,"column":62},"end":{"line":38,"column":1}},"line":33},"6":{"name":"(anonymous_6)","decl":{"start":{"line":40,"column":30},"end":{"line":40,"column":31}},"loc":{"start":{"line":40,"column":52},"end":{"line":46,"column":1}},"line":40},"7":{"name":"(anonymous_7)","decl":{"start":{"line":40,"column":52},"end":{"line":40,"column":53}},"loc":{"start":{"line":40,"column":70},"end":{"line":46,"column":1}},"line":40},"8":{"name":"(anonymous_8)","decl":{"start":{"line":48,"column":29},"end":{"line":48,"column":30}},"loc":{"start":{"line":53,"column":5},"end":{"line":66,"column":1}},"line":53},"9":{"name":"(anonymous_9)","decl":{"start":{"line":68,"column":28},"end":{"line":68,"column":29}},"loc":{"start":{"line":68,"column":36},"end":{"line":80,"column":1}},"line":68},"10":{"name":"(anonymous_10)","decl":{"start":{"line":68,"column":36},"end":{"line":68,"column":37}},"loc":{"start":{"line":68,"column":66},"end":{"line":80,"column":1}},"line":68}},"branchMap":{"0":{"loc":{"start":{"line":20,"column":10},"end":{"line":20,"column":47}},"type":"cond-expr","locations":[{"start":{"line":20,"column":26},"end":{"line":20,"column":35}},{"start":{"line":20,"column":38},"end":{"line":20,"column":47}}],"line":20},"1":{"loc":{"start":{"line":27,"column":12},"end":{"line":27,"column":41}},"type":"cond-expr","locations":[{"start":{"line":27,"column":27},"end":{"line":27,"column":33}},{"start":{"line":27,"column":36},"end":{"line":27,"column":41}}],"line":27},"2":{"loc":{"start":{"line":56,"column":2},"end":{"line":62,"column":3}},"type":"if","locations":[{"start":{"line":56,"column":2},"end":{"line":62,"column":3}},{"start":{"line":56,"column":2},"end":{"line":62,"column":3}}],"line":56},"3":{"loc":{"start":{"line":71,"column":2},"end":{"line":77,"column":3}},"type":"if","locations":[{"start":{"line":71,"column":2},"end":{"line":77,"column":3}},{"start":{"line":71,"column":2},"end":{"line":77,"column":3}}],"line":71}},"s":{"0":3,"1":1,"2":1,"3":1,"4":3,"5":1,"6":1,"7":1,"8":3,"9":1,"10":1,"11":1,"12":3,"13":1,"14":1,"15":1,"16":1,"17":3,"18":3,"19":3,"20":3,"21":0,"22":0,"23":3,"24":2,"25":2,"26":3,"27":2,"28":2,"29":2,"30":2,"31":1,"32":1,"33":2,"34":2},"f":{"0":1,"1":1,"2":1,"3":1,"4":1,"5":1,"6":1,"7":1,"8":3,"9":2,"10":2},"b":{"0":[1,0],"1":[1,0],"2":[3,0],"3":[1,1]},"_coverageSchema":"332fd63041d2c1bcb487cc26dd0d5f7d97098a6c","hash":"a6c625402fed1c40eb04a45c8b86938efa6807e5"}
,"/Users/kellanriley/kornershop/Compass-Native/src/redux/actions/actions.js": {"path":"/Users/kellanriley/kornershop/Compass-Native/src/redux/actions/actions.js","statementMap":{"0":{"start":{"line":3,"column":37},"end":{"line":6,"column":2}},"1":{"start":{"line":3,"column":46},"end":{"line":6,"column":1}},"2":{"start":{"line":8,"column":38},"end":{"line":11,"column":2}},"3":{"start":{"line":8,"column":51},"end":{"line":11,"column":1}},"4":{"start":{"line":13,"column":29},"end":{"line":16,"column":2}},"5":{"start":{"line":13,"column":41},"end":{"line":16,"column":1}},"6":{"start":{"line":18,"column":36},"end":{"line":21,"column":2}},"7":{"start":{"line":18,"column":49},"end":{"line":21,"column":1}},"8":{"start":{"line":23,"column":33},"end":{"line":26,"column":2}},"9":{"start":{"line":23,"column":48},"end":{"line":26,"column":1}},"10":{"start":{"line":28,"column":28},"end":{"line":31,"column":2}},"11":{"start":{"line":28,"column":39},"end":{"line":31,"column":1}},"12":{"start":{"line":33,"column":32},"end":{"line":36,"column":2}},"13":{"start":{"line":33,"column":45},"end":{"line":36,"column":1}},"14":{"start":{"line":38,"column":30},"end":{"line":41,"column":2}},"15":{"start":{"line":38,"column":43},"end":{"line":41,"column":1}},"16":{"start":{"line":43,"column":28},"end":{"line":46,"column":2}},"17":{"start":{"line":43,"column":40},"end":{"line":46,"column":1}},"18":{"start":{"line":48,"column":27},"end":{"line":51,"column":2}},"19":{"start":{"line":48,"column":39},"end":{"line":51,"column":1}}},"fnMap":{"0":{"name":"(anonymous_0)","decl":{"start":{"line":3,"column":37},"end":{"line":3,"column":38}},"loc":{"start":{"line":3,"column":46},"end":{"line":6,"column":1}},"line":3},"1":{"name":"(anonymous_1)","decl":{"start":{"line":8,"column":38},"end":{"line":8,"column":39}},"loc":{"start":{"line":8,"column":51},"end":{"line":11,"column":1}},"line":8},"2":{"name":"(anonymous_2)","decl":{"start":{"line":13,"column":29},"end":{"line":13,"column":30}},"loc":{"start":{"line":13,"column":41},"end":{"line":16,"column":1}},"line":13},"3":{"name":"(anonymous_3)","decl":{"start":{"line":18,"column":36},"end":{"line":18,"column":37}},"loc":{"start":{"line":18,"column":49},"end":{"line":21,"column":1}},"line":18},"4":{"name":"(anonymous_4)","decl":{"start":{"line":23,"column":33},"end":{"line":23,"column":34}},"loc":{"start":{"line":23,"column":48},"end":{"line":26,"column":1}},"line":23},"5":{"name":"(anonymous_5)","decl":{"start":{"line":28,"column":28},"end":{"line":28,"column":29}},"loc":{"start":{"line":28,"column":39},"end":{"line":31,"column":1}},"line":28},"6":{"name":"(anonymous_6)","decl":{"start":{"line":33,"column":32},"end":{"line":33,"column":33}},"loc":{"start":{"line":33,"column":45},"end":{"line":36,"column":1}},"line":33},"7":{"name":"(anonymous_7)","decl":{"start":{"line":38,"column":30},"end":{"line":38,"column":31}},"loc":{"start":{"line":38,"column":43},"end":{"line":41,"column":1}},"line":38},"8":{"name":"(anonymous_8)","decl":{"start":{"line":43,"column":28},"end":{"line":43,"column":29}},"loc":{"start":{"line":43,"column":40},"end":{"line":46,"column":1}},"line":43},"9":{"name":"(anonymous_9)","decl":{"start":{"line":48,"column":27},"end":{"line":48,"column":28}},"loc":{"start":{"line":48,"column":39},"end":{"line":51,"column":1}},"line":48}},"branchMap":{},"s":{"0":4,"1":3,"2":4,"3":1,"4":4,"5":3,"6":4,"7":1,"8":4,"9":1,"10":4,"11":3,"12":4,"13":8,"14":4,"15":7,"16":4,"17":4,"18":4,"19":1},"f":{"0":3,"1":1,"2":3,"3":1,"4":1,"5":3,"6":8,"7":7,"8":4,"9":1},"b":{},"_coverageSchema":"332fd63041d2c1bcb487cc26dd0d5f7d97098a6c","hash":"46e69c89d641258de26af81e1665a97960c94a02"}
,"/Users/kellanriley/kornershop/Compass-Native/src/redux/actions/types.js": {"path":"/Users/kellanriley/kornershop/Compass-Native/src/redux/actions/types.js","statementMap":{"0":{"start":{"line":1,"column":39},"end":{"line":1,"column":64}},"1":{"start":{"line":2,"column":40},"end":{"line":2,"column":66}},"2":{"start":{"line":3,"column":30},"end":{"line":3,"column":46}},"3":{"start":{"line":4,"column":37},"end":{"line":4,"column":60}},"4":{"start":{"line":5,"column":36},"end":{"line":5,"column":58}},"5":{"start":{"line":6,"column":38},"end":{"line":6,"column":62}},"6":{"start":{"line":7,"column":34},"end":{"line":7,"column":54}},"7":{"start":{"line":8,"column":31},"end":{"line":8,"column":48}},"8":{"start":{"line":9,"column":29},"end":{"line":9,"column":44}},"9":{"start":{"line":10,"column":34},"end":{"line":10,"column":54}}},"fnMap":{},"branchMap":{},"s":{"0":5,"1":5,"2":5,"3":5,"4":5,"5":5,"6":5,"7":5,"8":5,"9":5},"f":{},"b":{},"_coverageSchema":"332fd63041d2c1bcb487cc26dd0d5f7d97098a6c","hash":"9f4417977514f02bb02b5b0c74304be38d7ab677"}
,"/Users/kellanriley/kornershop/Compass-Native/src/redux/reducers/index.js": {"path":"/Users/kellanriley/kornershop/Compass-Native/src/redux/reducers/index.js","statementMap":{},"fnMap":{},"branchMap":{},"s":{},"f":{},"b":{},"_coverageSchema":"332fd63041d2c1bcb487cc26dd0d5f7d97098a6c","hash":"d64b896892877d552682f1c420c53514c7fad3ca"}
,"/Users/kellanriley/kornershop/Compass-Native/src/redux/reducers/language.js": {"path":"/Users/kellanriley/kornershop/Compass-Native/src/redux/reducers/language.js","statementMap":{"0":{"start":{"line":5,"column":2},"end":{"line":10,"column":3}},"1":{"start":{"line":7,"column":6},"end":{"line":7,"column":21}},"2":{"start":{"line":9,"column":6},"end":{"line":9,"column":19}}},"fnMap":{"0":{"name":"(anonymous_0)","decl":{"start":{"line":4,"column":15},"end":{"line":4,"column":16}},"loc":{"start":{"line":4,"column":66},"end":{"line":11,"column":1}},"line":4}},"branchMap":{"0":{"loc":{"start":{"line":4,"column":16},"end":{"line":4,"column":42}},"type":"default-arg","locations":[{"start":{"line":4,"column":24},"end":{"line":4,"column":42}}],"line":4},"1":{"loc":{"start":{"line":5,"column":2},"end":{"line":10,"column":3}},"type":"switch","locations":[{"start":{"line":6,"column":4},"end":{"line":7,"column":21}},{"start":{"line":8,"column":4},"end":{"line":9,"column":19}}],"line":5}},"s":{"0":16,"1":1,"2":15},"f":{"0":16},"b":{"0":[6],"1":[1,15]},"_coverageSchema":"332fd63041d2c1bcb487cc26dd0d5f7d97098a6c","hash":"23e3e195b355d8b7ead13ed5959ce98107ba923b"}
,"/Users/kellanriley/kornershop/Compass-Native/src/redux/reducers/location.js": {"path":"/Users/kellanriley/kornershop/Compass-Native/src/redux/reducers/location.js","statementMap":{"0":{"start":{"line":5,"column":2},"end":{"line":14,"column":3}},"1":{"start":{"line":7,"column":6},"end":{"line":11,"column":8}},"2":{"start":{"line":13,"column":6},"end":{"line":13,"column":19}}},"fnMap":{"0":{"name":"(anonymous_0)","decl":{"start":{"line":4,"column":15},"end":{"line":4,"column":16}},"loc":{"start":{"line":4,"column":66},"end":{"line":15,"column":1}},"line":4}},"branchMap":{"0":{"loc":{"start":{"line":4,"column":16},"end":{"line":4,"column":42}},"type":"default-arg","locations":[{"start":{"line":4,"column":24},"end":{"line":4,"column":42}}],"line":4},"1":{"loc":{"start":{"line":5,"column":2},"end":{"line":14,"column":3}},"type":"switch","locations":[{"start":{"line":6,"column":4},"end":{"line":11,"column":8}},{"start":{"line":12,"column":4},"end":{"line":13,"column":19}}],"line":5}},"s":{"0":16,"1":1,"2":15},"f":{"0":16},"b":{"0":[6],"1":[1,15]},"_coverageSchema":"332fd63041d2c1bcb487cc26dd0d5f7d97098a6c","hash":"21ac6b1b599cafec90ffc63b91d13f76118cad58"}
,"/Users/kellanriley/kornershop/Compass-Native/src/redux/reducers/locationProvided.js": {"path":"/Users/kellanriley/kornershop/Compass-Native/src/redux/reducers/locationProvided.js","statementMap":{"0":{"start":{"line":8,"column":2},"end":{"line":13,"column":3}},"1":{"start":{"line":10,"column":6},"end":{"line":10,"column":21}},"2":{"start":{"line":12,"column":6},"end":{"line":12,"column":19}}},"fnMap":{"0":{"name":"(anonymous_0)","decl":{"start":{"line":4,"column":15},"end":{"line":4,"column":16}},"loc":{"start":{"line":7,"column":5},"end":{"line":14,"column":1}},"line":7}},"branchMap":{"0":{"loc":{"start":{"line":5,"column":2},"end":{"line":5,"column":36}},"type":"default-arg","locations":[{"start":{"line":5,"column":10},"end":{"line":5,"column":36}}],"line":5},"1":{"loc":{"start":{"line":8,"column":2},"end":{"line":13,"column":3}},"type":"switch","locations":[{"start":{"line":9,"column":4},"end":{"line":10,"column":21}},{"start":{"line":11,"column":4},"end":{"line":12,"column":19}}],"line":8}},"s":{"0":16,"1":1,"2":15},"f":{"0":16},"b":{"0":[6],"1":[1,15]},"_coverageSchema":"332fd63041d2c1bcb487cc26dd0d5f7d97098a6c","hash":"74dfb9e35d1490065c490a37dafcd1e8c3142409"}
,"/Users/kellanriley/kornershop/Compass-Native/src/redux/reducers/mapLoading.js": {"path":"/Users/kellanriley/kornershop/Compass-Native/src/redux/reducers/mapLoading.js","statementMap":{"0":{"start":{"line":5,"column":2},"end":{"line":10,"column":3}},"1":{"start":{"line":7,"column":6},"end":{"line":7,"column":21}},"2":{"start":{"line":9,"column":6},"end":{"line":9,"column":19}}},"fnMap":{"0":{"name":"(anonymous_0)","decl":{"start":{"line":4,"column":15},"end":{"line":4,"column":16}},"loc":{"start":{"line":4,"column":68},"end":{"line":11,"column":1}},"line":4}},"branchMap":{"0":{"loc":{"start":{"line":4,"column":16},"end":{"line":4,"column":44}},"type":"default-arg","locations":[{"start":{"line":4,"column":24},"end":{"line":4,"column":44}}],"line":4},"1":{"loc":{"start":{"line":5,"column":2},"end":{"line":10,"column":3}},"type":"switch","locations":[{"start":{"line":6,"column":4},"end":{"line":7,"column":21}},{"start":{"line":8,"column":4},"end":{"line":9,"column":19}}],"line":5}},"s":{"0":16,"1":1,"2":15},"f":{"0":16},"b":{"0":[6],"1":[1,15]},"_coverageSchema":"332fd63041d2c1bcb487cc26dd0d5f7d97098a6c","hash":"a29d4f136518d5be8b76fef8ae03577e9b6c27e5"}
,"/Users/kellanriley/kornershop/Compass-Native/src/redux/reducers/office.js": {"path":"/Users/kellanriley/kornershop/Compass-Native/src/redux/reducers/office.js","statementMap":{"0":{"start":{"line":5,"column":2},"end":{"line":10,"column":3}},"1":{"start":{"line":7,"column":6},"end":{"line":7,"column":21}},"2":{"start":{"line":9,"column":6},"end":{"line":9,"column":19}}},"fnMap":{"0":{"name":"(anonymous_0)","decl":{"start":{"line":4,"column":15},"end":{"line":4,"column":16}},"loc":{"start":{"line":4,"column":64},"end":{"line":11,"column":1}},"line":4}},"branchMap":{"0":{"loc":{"start":{"line":4,"column":16},"end":{"line":4,"column":40}},"type":"default-arg","locations":[{"start":{"line":4,"column":24},"end":{"line":4,"column":40}}],"line":4},"1":{"loc":{"start":{"line":5,"column":2},"end":{"line":10,"column":3}},"type":"switch","locations":[{"start":{"line":6,"column":4},"end":{"line":7,"column":21}},{"start":{"line":8,"column":4},"end":{"line":9,"column":19}}],"line":5}},"s":{"0":16,"1":1,"2":15},"f":{"0":16},"b":{"0":[6],"1":[1,15]},"_coverageSchema":"332fd63041d2c1bcb487cc26dd0d5f7d97098a6c","hash":"d756c49bc5315f70a783b734b12473ae6f1914dd"}
,"/Users/kellanriley/kornershop/Compass-Native/src/redux/reducers/orientation.js": {"path":"/Users/kellanriley/kornershop/Compass-Native/src/redux/reducers/orientation.js","statementMap":{"0":{"start":{"line":5,"column":2},"end":{"line":10,"column":3}},"1":{"start":{"line":7,"column":6},"end":{"line":7,"column":21}},"2":{"start":{"line":9,"column":6},"end":{"line":9,"column":19}}},"fnMap":{"0":{"name":"(anonymous_0)","decl":{"start":{"line":4,"column":15},"end":{"line":4,"column":16}},"loc":{"start":{"line":4,"column":69},"end":{"line":11,"column":1}},"line":4}},"branchMap":{"0":{"loc":{"start":{"line":4,"column":16},"end":{"line":4,"column":45}},"type":"default-arg","locations":[{"start":{"line":4,"column":24},"end":{"line":4,"column":45}}],"line":4},"1":{"loc":{"start":{"line":5,"column":2},"end":{"line":10,"column":3}},"type":"switch","locations":[{"start":{"line":6,"column":4},"end":{"line":7,"column":21}},{"start":{"line":8,"column":4},"end":{"line":9,"column":19}}],"line":5}},"s":{"0":16,"1":1,"2":15},"f":{"0":16},"b":{"0":[6],"1":[1,15]},"_coverageSchema":"332fd63041d2c1bcb487cc26dd0d5f7d97098a6c","hash":"1325d8488baa8828ce1baf01f4b07dbe43faed49"}
,"/Users/kellanriley/kornershop/Compass-Native/src/redux/reducers/snapOffices.js": {"path":"/Users/kellanriley/kornershop/Compass-Native/src/redux/reducers/snapOffices.js","statementMap":{"0":{"start":{"line":5,"column":2},"end":{"line":11,"column":3}},"1":{"start":{"line":8,"column":6},"end":{"line":8,"column":21}},"2":{"start":{"line":10,"column":6},"end":{"line":10,"column":19}}},"fnMap":{"0":{"name":"(anonymous_0)","decl":{"start":{"line":4,"column":15},"end":{"line":4,"column":16}},"loc":{"start":{"line":4,"column":69},"end":{"line":12,"column":1}},"line":4}},"branchMap":{"0":{"loc":{"start":{"line":4,"column":16},"end":{"line":4,"column":45}},"type":"default-arg","locations":[{"start":{"line":4,"column":24},"end":{"line":4,"column":45}}],"line":4},"1":{"loc":{"start":{"line":5,"column":2},"end":{"line":11,"column":3}},"type":"switch","locations":[{"start":{"line":6,"column":4},"end":{"line":8,"column":21}},{"start":{"line":9,"column":4},"end":{"line":10,"column":19}}],"line":5}},"s":{"0":16,"1":1,"2":15},"f":{"0":16},"b":{"0":[6],"1":[1,15]},"_coverageSchema":"332fd63041d2c1bcb487cc26dd0d5f7d97098a6c","hash":"ef6cf80625fac322cc37a77abcf0d15d14faaa9e"}
,"/Users/kellanriley/kornershop/Compass-Native/src/redux/reducers/wicEligible.js": {"path":"/Users/kellanriley/kornershop/Compass-Native/src/redux/reducers/wicEligible.js","statementMap":{"0":{"start":{"line":5,"column":2},"end":{"line":10,"column":3}},"1":{"start":{"line":7,"column":6},"end":{"line":7,"column":21}},"2":{"start":{"line":9,"column":6},"end":{"line":9,"column":19}}},"fnMap":{"0":{"name":"(anonymous_0)","decl":{"start":{"line":4,"column":15},"end":{"line":4,"column":16}},"loc":{"start":{"line":4,"column":69},"end":{"line":11,"column":1}},"line":4}},"branchMap":{"0":{"loc":{"start":{"line":4,"column":16},"end":{"line":4,"column":45}},"type":"default-arg","locations":[{"start":{"line":4,"column":24},"end":{"line":4,"column":45}}],"line":4},"1":{"loc":{"start":{"line":5,"column":2},"end":{"line":10,"column":3}},"type":"switch","locations":[{"start":{"line":6,"column":4},"end":{"line":7,"column":21}},{"start":{"line":8,"column":4},"end":{"line":9,"column":19}}],"line":5}},"s":{"0":16,"1":1,"2":15},"f":{"0":16},"b":{"0":[6],"1":[1,15]},"_coverageSchema":"332fd63041d2c1bcb487cc26dd0d5f7d97098a6c","hash":"b7c8a57e6110b0fd24c4fff6db565f32075ac42f"}
,"/Users/kellanriley/kornershop/Compass-Native/src/redux/reducers/wicOffices.js": {"path":"/Users/kellanriley/kornershop/Compass-Native/src/redux/reducers/wicOffices.js","statementMap":{"0":{"start":{"line":5,"column":2},"end":{"line":11,"column":3}},"1":{"start":{"line":8,"column":6},"end":{"line":8,"column":21}},"2":{"start":{"line":10,"column":6},"end":{"line":10,"column":19}}},"fnMap":{"0":{"name":"(anonymous_0)","decl":{"start":{"line":4,"column":15},"end":{"line":4,"column":16}},"loc":{"start":{"line":4,"column":68},"end":{"line":12,"column":1}},"line":4}},"branchMap":{"0":{"loc":{"start":{"line":4,"column":16},"end":{"line":4,"column":44}},"type":"default-arg","locations":[{"start":{"line":4,"column":24},"end":{"line":4,"column":44}}],"line":4},"1":{"loc":{"start":{"line":5,"column":2},"end":{"line":11,"column":3}},"type":"switch","locations":[{"start":{"line":6,"column":4},"end":{"line":8,"column":21}},{"start":{"line":9,"column":4},"end":{"line":10,"column":19}}],"line":5}},"s":{"0":16,"1":1,"2":15},"f":{"0":16},"b":{"0":[6],"1":[1,15]},"_coverageSchema":"332fd63041d2c1bcb487cc26dd0d5f7d97098a6c","hash":"00fc9e4bc942cb17b51a2bb545c4a43124405189"}
,"/Users/kellanriley/kornershop/Compass-Native/src/redux/reducers/zipCode.js": {"path":"/Users/kellanriley/kornershop/Compass-Native/src/redux/reducers/zipCode.js","statementMap":{"0":{"start":{"line":5,"column":2},"end":{"line":10,"column":3}},"1":{"start":{"line":7,"column":6},"end":{"line":7,"column":21}},"2":{"start":{"line":9,"column":6},"end":{"line":9,"column":19}}},"fnMap":{"0":{"name":"(anonymous_0)","decl":{"start":{"line":4,"column":15},"end":{"line":4,"column":16}},"loc":{"start":{"line":4,"column":65},"end":{"line":11,"column":1}},"line":4}},"branchMap":{"0":{"loc":{"start":{"line":4,"column":16},"end":{"line":4,"column":41}},"type":"default-arg","locations":[{"start":{"line":4,"column":24},"end":{"line":4,"column":41}}],"line":4},"1":{"loc":{"start":{"line":5,"column":2},"end":{"line":10,"column":3}},"type":"switch","locations":[{"start":{"line":6,"column":4},"end":{"line":7,"column":21}},{"start":{"line":8,"column":4},"end":{"line":9,"column":19}}],"line":5}},"s":{"0":16,"1":1,"2":15},"f":{"0":16},"b":{"0":[6],"1":[1,15]},"_coverageSchema":"332fd63041d2c1bcb487cc26dd0d5f7d97098a6c","hash":"4aefe53fc8ade340c8fbe2334c228a343596835e"}
,"/Users/kellanriley/kornershop/Compass-Native/src/screens/Resources.js": {"path":"/Users/kellanriley/kornershop/Compass-Native/src/screens/Resources.js","statementMap":{"0":{"start":{"line":32,"column":4},"end":{"line":32,"column":17}},"1":{"start":{"line":33,"column":4},"end":{"line":36,"column":6}},"2":{"start":{"line":37,"column":4},"end":{"line":39,"column":7}},"3":{"start":{"line":40,"column":4},"end":{"line":40,"column":61}},"4":{"start":{"line":41,"column":4},"end":{"line":41,"column":59}},"5":{"start":{"line":42,"column":4},"end":{"line":44,"column":6}},"6":{"start":{"line":47,"column":38},"end":{"line":49,"column":5}},"7":{"start":{"line":50,"column":4},"end":{"line":83,"column":5}},"8":{"start":{"line":52,"column":36},"end":{"line":54,"column":7}},"9":{"start":{"line":55,"column":6},"end":{"line":70,"column":7}},"10":{"start":{"line":57,"column":8},"end":{"line":57,"column":37}},"11":{"start":{"line":62,"column":12},"end":{"line":64,"column":10}},"12":{"start":{"line":65,"column":8},"end":{"line":68,"column":11}},"13":{"start":{"line":69,"column":8},"end":{"line":69,"column":48}},"14":{"start":{"line":75,"column":10},"end":{"line":77,"column":8}},"15":{"start":{"line":78,"column":6},"end":{"line":81,"column":9}},"16":{"start":{"line":82,"column":6},"end":{"line":82,"column":46}},"17":{"start":{"line":86,"column":4},"end":{"line":88,"column":7}},"18":{"start":{"line":91,"column":4},"end":{"line":93,"column":7}},"19":{"start":{"line":96,"column":4},"end":{"line":98,"column":5}},"20":{"start":{"line":97,"column":6},"end":{"line":97,"column":64}},"21":{"start":{"line":99,"column":4},"end":{"line":115,"column":5}},"22":{"start":{"line":100,"column":6},"end":{"line":114,"column":8}},"23":{"start":{"line":117,"column":4},"end":{"line":134,"column":6}},"24":{"start":{"line":138,"column":0},"end":{"line":141,"column":2}},"25":{"start":{"line":143,"column":0},"end":{"line":187,"column":2}},"26":{"start":{"line":189,"column":24},"end":{"line":207,"column":2}},"27":{"start":{"line":198,"column":7},"end":{"line":207,"column":1}},"28":{"start":{"line":209,"column":27},"end":{"line":218,"column":2}},"29":{"start":{"line":209,"column":40},"end":{"line":218,"column":1}}},"fnMap":{"0":{"name":"(anonymous_0)","decl":{"start":{"line":31,"column":2},"end":{"line":31,"column":3}},"loc":{"start":{"line":31,"column":21},"end":{"line":45,"column":3}},"line":31},"1":{"name":"(anonymous_1)","decl":{"start":{"line":46,"column":2},"end":{"line":46,"column":3}},"loc":{"start":{"line":46,"column":27},"end":{"line":84,"column":3}},"line":46},"2":{"name":"(anonymous_2)","decl":{"start":{"line":85,"column":2},"end":{"line":85,"column":3}},"loc":{"start":{"line":85,"column":20},"end":{"line":89,"column":3}},"line":85},"3":{"name":"(anonymous_3)","decl":{"start":{"line":90,"column":2},"end":{"line":90,"column":3}},"loc":{"start":{"line":90,"column":26},"end":{"line":94,"column":3}},"line":90},"4":{"name":"(anonymous_4)","decl":{"start":{"line":95,"column":2},"end":{"line":95,"column":3}},"loc":{"start":{"line":95,"column":11},"end":{"line":135,"column":3}},"line":95},"5":{"name":"(anonymous_5)","decl":{"start":{"line":189,"column":24},"end":{"line":189,"column":25}},"loc":{"start":{"line":198,"column":7},"end":{"line":207,"column":1}},"line":198},"6":{"name":"(anonymous_6)","decl":{"start":{"line":209,"column":27},"end":{"line":209,"column":28}},"loc":{"start":{"line":209,"column":40},"end":{"line":218,"column":1}},"line":209}},"branchMap":{"0":{"loc":{"start":{"line":50,"column":4},"end":{"line":83,"column":5}},"type":"if","locations":[{"start":{"line":50,"column":4},"end":{"line":83,"column":5}},{"start":{"line":50,"column":4},"end":{"line":83,"column":5}}],"line":50},"1":{"loc":{"start":{"line":55,"column":6},"end":{"line":70,"column":7}},"type":"if","locations":[{"start":{"line":55,"column":6},"end":{"line":70,"column":7}},{"start":{"line":55,"column":6},"end":{"line":70,"column":7}}],"line":55},"2":{"loc":{"start":{"line":96,"column":4},"end":{"line":98,"column":5}},"type":"if","locations":[{"start":{"line":96,"column":4},"end":{"line":98,"column":5}},{"start":{"line":96,"column":4},"end":{"line":98,"column":5}}],"line":96},"3":{"loc":{"start":{"line":99,"column":4},"end":{"line":115,"column":5}},"type":"if","locations":[{"start":{"line":99,"column":4},"end":{"line":115,"column":5}},{"start":{"line":99,"column":4},"end":{"line":115,"column":5}}],"line":99}},"s":{"0":0,"1":0,"2":0,"3":0,"4":0,"5":0,"6":0,"7":0,"8":0,"9":0,"10":0,"11":0,"12":0,"13":0,"14":0,"15":0,"16":0,"17":0,"18":0,"19":0,"20":0,"21":0,"22":0,"23":0,"24":2,"25":2,"26":2,"27":0,"28":2,"29":0},"f":{"0":0,"1":0,"2":0,"3":0,"4":0,"5":0,"6":0},"b":{"0":[0,0],"1":[0,0],"2":[0,0],"3":[0,0]},"_coverageSchema":"332fd63041d2c1bcb487cc26dd0d5f7d97098a6c","hash":"8847ffb8a10165c7220db92533463559552a2e8d"}
,"/Users/kellanriley/kornershop/Compass-Native/src/screens/Snap.js": {"path":"/Users/kellanriley/kornershop/Compass-Native/src/screens/Snap.js","statementMap":{"0":{"start":{"line":13,"column":13},"end":{"line":42,"column":1}},"1":{"start":{"line":14,"column":15},"end":{"line":14,"column":49}},"2":{"start":{"line":15,"column":14},"end":{"line":15,"column":64}},"3":{"start":{"line":16,"column":2},"end":{"line":41,"column":4}},"4":{"start":{"line":36,"column":10},"end":{"line":38,"column":37}},"5":{"start":{"line":44,"column":0},"end":{"line":46,"column":2}},"6":{"start":{"line":48,"column":24},"end":{"line":50,"column":2}},"7":{"start":{"line":48,"column":43},"end":{"line":50,"column":1}}},"fnMap":{"0":{"name":"(anonymous_0)","decl":{"start":{"line":13,"column":13},"end":{"line":13,"column":14}},"loc":{"start":{"line":13,"column":31},"end":{"line":42,"column":1}},"line":13},"1":{"name":"(anonymous_1)","decl":{"start":{"line":35,"column":23},"end":{"line":35,"column":24}},"loc":{"start":{"line":36,"column":10},"end":{"line":38,"column":37}},"line":36},"2":{"name":"(anonymous_2)","decl":{"start":{"line":48,"column":24},"end":{"line":48,"column":25}},"loc":{"start":{"line":48,"column":43},"end":{"line":50,"column":1}},"line":48}},"branchMap":{"0":{"loc":{"start":{"line":15,"column":14},"end":{"line":15,"column":64}},"type":"cond-expr","locations":[{"start":{"line":15,"column":34},"end":{"line":15,"column":38}},{"start":{"line":15,"column":41},"end":{"line":15,"column":64}}],"line":15}},"s":{"0":2,"1":0,"2":0,"3":0,"4":0,"5":2,"6":2,"7":0},"f":{"0":0,"1":0,"2":0},"b":{"0":[0,0]},"_coverageSchema":"332fd63041d2c1bcb487cc26dd0d5f7d97098a6c","hash":"6ba92dc64c2b370842bae7472441d4d790419f9d"}
,"/Users/kellanriley/kornershop/Compass-Native/src/screens/Welcome.js": {"path":"/Users/kellanriley/kornershop/Compass-Native/src/screens/Welcome.js","statementMap":{"0":{"start":{"line":25,"column":4},"end":{"line":25,"column":17}},"1":{"start":{"line":26,"column":4},"end":{"line":29,"column":6}},"2":{"start":{"line":30,"column":4},"end":{"line":30,"column":51}},"3":{"start":{"line":34,"column":4},"end":{"line":34,"column":45}},"4":{"start":{"line":35,"column":21},"end":{"line":35,"column":44}},"5":{"start":{"line":36,"column":4},"end":{"line":40,"column":5}},"6":{"start":{"line":37,"column":6},"end":{"line":37,"column":55}},"7":{"start":{"line":39,"column":6},"end":{"line":39,"column":26}},"8":{"start":{"line":41,"column":4},"end":{"line":41,"column":59}},"9":{"start":{"line":42,"column":4},"end":{"line":42,"column":29}},"10":{"start":{"line":45,"column":4},"end":{"line":108,"column":6}},"11":{"start":{"line":49,"column":24},"end":{"line":49,"column":59}},"12":{"start":{"line":74,"column":18},"end":{"line":74,"column":35}},"13":{"start":{"line":112,"column":0},"end":{"line":122,"column":2}},"14":{"start":{"line":124,"column":24},"end":{"line":126,"column":2}},"15":{"start":{"line":124,"column":46},"end":{"line":126,"column":1}},"16":{"start":{"line":128,"column":27},"end":{"line":133,"column":2}},"17":{"start":{"line":128,"column":40},"end":{"line":133,"column":1}}},"fnMap":{"0":{"name":"(anonymous_0)","decl":{"start":{"line":24,"column":2},"end":{"line":24,"column":3}},"loc":{"start":{"line":24,"column":21},"end":{"line":31,"column":3}},"line":24},"1":{"name":"(anonymous_1)","decl":{"start":{"line":33,"column":2},"end":{"line":33,"column":3}},"loc":{"start":{"line":33,"column":25},"end":{"line":43,"column":3}},"line":33},"2":{"name":"(anonymous_2)","decl":{"start":{"line":44,"column":2},"end":{"line":44,"column":3}},"loc":{"start":{"line":44,"column":11},"end":{"line":109,"column":3}},"line":44},"3":{"name":"(anonymous_3)","decl":{"start":{"line":49,"column":18},"end":{"line":49,"column":19}},"loc":{"start":{"line":49,"column":24},"end":{"line":49,"column":59}},"line":49},"4":{"name":"(anonymous_4)","decl":{"start":{"line":73,"column":36},"end":{"line":73,"column":37}},"loc":{"start":{"line":73,"column":42},"end":{"line":75,"column":17}},"line":73},"5":{"name":"(anonymous_5)","decl":{"start":{"line":124,"column":24},"end":{"line":124,"column":25}},"loc":{"start":{"line":124,"column":46},"end":{"line":126,"column":1}},"line":124},"6":{"name":"(anonymous_6)","decl":{"start":{"line":128,"column":27},"end":{"line":128,"column":28}},"loc":{"start":{"line":128,"column":40},"end":{"line":133,"column":1}},"line":128}},"branchMap":{"0":{"loc":{"start":{"line":35,"column":21},"end":{"line":35,"column":44}},"type":"cond-expr","locations":[{"start":{"line":35,"column":33},"end":{"line":35,"column":37}},{"start":{"line":35,"column":40},"end":{"line":35,"column":44}}],"line":35},"1":{"loc":{"start":{"line":58,"column":11},"end":{"line":105,"column":31}},"type":"cond-expr","locations":[{"start":{"line":59,"column":14},"end":{"line":61,"column":39}},{"start":{"line":62,"column":14},"end":{"line":105,"column":31}}],"line":58}},"s":{"0":0,"1":0,"2":0,"3":0,"4":0,"5":0,"6":0,"7":0,"8":0,"9":0,"10":0,"11":0,"12":0,"13":2,"14":2,"15":0,"16":2,"17":0},"f":{"0":0,"1":0,"2":0,"3":0,"4":0,"5":0,"6":0},"b":{"0":[0,0],"1":[0,0]},"_coverageSchema":"332fd63041d2c1bcb487cc26dd0d5f7d97098a6c","hash":"cf9daf9837972148d0a88f922481bb2df2a14e6a"}
,"/Users/kellanriley/kornershop/Compass-Native/src/screens/Wic.js": {"path":"/Users/kellanriley/kornershop/Compass-Native/src/screens/Wic.js","statementMap":{"0":{"start":{"line":16,"column":4},"end":{"line":16,"column":17}},"1":{"start":{"line":17,"column":4},"end":{"line":24,"column":6}},"2":{"start":{"line":25,"column":4},"end":{"line":25,"column":61}},"3":{"start":{"line":26,"column":4},"end":{"line":26,"column":51}},"4":{"start":{"line":27,"column":4},"end":{"line":27,"column":61}},"5":{"start":{"line":30,"column":4},"end":{"line":30,"column":23}},"6":{"start":{"line":33,"column":4},"end":{"line":36,"column":7}},"7":{"start":{"line":40,"column":30},"end":{"line":50,"column":5}},"8":{"start":{"line":51,"column":4},"end":{"line":59,"column":5}},"9":{"start":{"line":56,"column":6},"end":{"line":56,"column":41}},"10":{"start":{"line":58,"column":6},"end":{"line":58,"column":41}},"11":{"start":{"line":62,"column":4},"end":{"line":62,"column":34}},"12":{"start":{"line":63,"column":4},"end":{"line":87,"column":5}},"13":{"start":{"line":65,"column":8},"end":{"line":80,"column":10}},"14":{"start":{"line":82,"column":8},"end":{"line":82,"column":59}},"15":{"start":{"line":84,"column":8},"end":{"line":84,"column":61}},"16":{"start":{"line":86,"column":8},"end":{"line":86,"column":41}},"17":{"start":{"line":91,"column":0},"end":{"line":96,"column":2}},"18":{"start":{"line":98,"column":24},"end":{"line":102,"column":2}},"19":{"start":{"line":98,"column":69},"end":{"line":102,"column":1}},"20":{"start":{"line":104,"column":27},"end":{"line":109,"column":2}},"21":{"start":{"line":104,"column":40},"end":{"line":109,"column":1}}},"fnMap":{"0":{"name":"(anonymous_0)","decl":{"start":{"line":15,"column":2},"end":{"line":15,"column":3}},"loc":{"start":{"line":15,"column":21},"end":{"line":28,"column":3}},"line":15},"1":{"name":"(anonymous_1)","decl":{"start":{"line":29,"column":2},"end":{"line":29,"column":3}},"loc":{"start":{"line":29,"column":19},"end":{"line":31,"column":3}},"line":29},"2":{"name":"(anonymous_2)","decl":{"start":{"line":32,"column":2},"end":{"line":32,"column":3}},"loc":{"start":{"line":32,"column":24},"end":{"line":37,"column":3}},"line":32},"3":{"name":"(anonymous_3)","decl":{"start":{"line":39,"column":2},"end":{"line":39,"column":3}},"loc":{"start":{"line":39,"column":51},"end":{"line":60,"column":3}},"line":39},"4":{"name":"(anonymous_4)","decl":{"start":{"line":61,"column":2},"end":{"line":61,"column":3}},"loc":{"start":{"line":61,"column":11},"end":{"line":88,"column":3}},"line":61},"5":{"name":"(anonymous_5)","decl":{"start":{"line":98,"column":24},"end":{"line":98,"column":25}},"loc":{"start":{"line":98,"column":69},"end":{"line":102,"column":1}},"line":98},"6":{"name":"(anonymous_6)","decl":{"start":{"line":104,"column":27},"end":{"line":104,"column":28}},"loc":{"start":{"line":104,"column":40},"end":{"line":109,"column":1}},"line":104}},"branchMap":{"0":{"loc":{"start":{"line":51,"column":4},"end":{"line":59,"column":5}},"type":"if","locations":[{"start":{"line":51,"column":4},"end":{"line":59,"column":5}},{"start":{"line":51,"column":4},"end":{"line":59,"column":5}}],"line":51},"1":{"loc":{"start":{"line":52,"column":6},"end":{"line":54,"column":45}},"type":"binary-expr","locations":[{"start":{"line":52,"column":6},"end":{"line":52,"column":22}},{"start":{"line":53,"column":6},"end":{"line":53,"column":21}},{"start":{"line":54,"column":6},"end":{"line":54,"column":45}}],"line":52},"2":{"loc":{"start":{"line":63,"column":4},"end":{"line":87,"column":5}},"type":"switch","locations":[{"start":{"line":64,"column":6},"end":{"line":80,"column":10}},{"start":{"line":81,"column":6},"end":{"line":82,"column":59}},{"start":{"line":83,"column":6},"end":{"line":84,"column":61}},{"start":{"line":85,"column":6},"end":{"line":86,"column":41}}],"line":63}},"s":{"0":0,"1":0,"2":0,"3":0,"4":0,"5":0,"6":0,"7":0,"8":0,"9":0,"10":0,"11":0,"12":0,"13":0,"14":0,"15":0,"16":0,"17":2,"18":2,"19":0,"20":2,"21":0},"f":{"0":0,"1":0,"2":0,"3":0,"4":0,"5":0,"6":0},"b":{"0":[0,0],"1":[0,0,0],"2":[0,0,0,0]},"_coverageSchema":"332fd63041d2c1bcb487cc26dd0d5f7d97098a6c","hash":"81f9c5e18a13283d52320f6b4b5a1dadd18ea450"}
,"/Users/kellanriley/kornershop/Compass-Native/src/utilities/cacheAssetsAsync.js": {"path":"/Users/kellanriley/kornershop/Compass-Native/src/utilities/cacheAssetsAsync.js","statementMap":{"0":{"start":{"line":4,"column":27},"end":{"line":10,"column":4}},"1":{"start":{"line":5,"column":2},"end":{"line":10,"column":4}},"2":{"start":{"line":6,"column":4},"end":{"line":8,"column":5}},"3":{"start":{"line":7,"column":6},"end":{"line":7,"column":35}},"4":{"start":{"line":9,"column":4},"end":{"line":9,"column":51}},"5":{"start":{"line":12,"column":26},"end":{"line":15,"column":3}},"6":{"start":{"line":13,"column":2},"end":{"line":15,"column":3}},"7":{"start":{"line":14,"column":4},"end":{"line":14,"column":42}}},"fnMap":{"0":{"name":"(anonymous_0)","decl":{"start":{"line":4,"column":27},"end":{"line":4,"column":28}},"loc":{"start":{"line":5,"column":2},"end":{"line":10,"column":4}},"line":5},"1":{"name":"(anonymous_1)","decl":{"start":{"line":5,"column":13},"end":{"line":5,"column":14}},"loc":{"start":{"line":5,"column":22},"end":{"line":10,"column":3}},"line":5},"2":{"name":"(anonymous_2)","decl":{"start":{"line":12,"column":26},"end":{"line":12,"column":27}},"loc":{"start":{"line":13,"column":2},"end":{"line":15,"column":3}},"line":13},"3":{"name":"(anonymous_3)","decl":{"start":{"line":13,"column":30},"end":{"line":13,"column":31}},"loc":{"start":{"line":14,"column":4},"end":{"line":14,"column":42}},"line":14}},"branchMap":{"0":{"loc":{"start":{"line":6,"column":4},"end":{"line":8,"column":5}},"type":"if","locations":[{"start":{"line":6,"column":4},"end":{"line":8,"column":5}},{"start":{"line":6,"column":4},"end":{"line":8,"column":5}}],"line":6}},"s":{"0":2,"1":0,"2":0,"3":0,"4":0,"5":2,"6":0,"7":0},"f":{"0":0,"1":0,"2":0,"3":0},"b":{"0":[0,0]},"_coverageSchema":"332fd63041d2c1bcb487cc26dd0d5f7d97098a6c","hash":"09529da58a58db02fc4e68112393f9e330eaa630"}
,"/Users/kellanriley/kornershop/Compass-Native/src/utilities/config.js": {"path":"/Users/kellanriley/kornershop/Compass-Native/src/utilities/config.js","statementMap":{"0":{"start":{"line":1,"column":26},"end":{"line":1,"column":53}},"1":{"start":{"line":2,"column":28},"end":{"line":2,"column":69}}},"fnMap":{},"branchMap":{},"s":{"0":5,"1":5},"f":{},"b":{},"_coverageSchema":"332fd63041d2c1bcb487cc26dd0d5f7d97098a6c","hash":"772793780ccd3b18f03b932d7189fd7f538f50d7"}
,"/Users/kellanriley/kornershop/Compass-Native/src/utilities/fetch.js": {"path":"/Users/kellanriley/kornershop/Compass-Native/src/utilities/fetch.js","statementMap":{"0":{"start":{"line":3,"column":16},"end":{"line":6,"column":1}},"1":{"start":{"line":8,"column":20},"end":{"line":15,"column":1}},"2":{"start":{"line":9,"column":2},"end":{"line":11,"column":3}},"3":{"start":{"line":10,"column":4},"end":{"line":10,"column":16}},"4":{"start":{"line":12,"column":16},"end":{"line":12,"column":46}},"5":{"start":{"line":13,"column":2},"end":{"line":13,"column":28}},"6":{"start":{"line":14,"column":2},"end":{"line":14,"column":14}},"7":{"start":{"line":18,"column":19},"end":{"line":18,"column":56}},"8":{"start":{"line":19,"column":2},"end":{"line":22,"column":3}},"9":{"start":{"line":20,"column":20},"end":{"line":20,"column":41}},"10":{"start":{"line":21,"column":4},"end":{"line":21,"column":19}},"11":{"start":{"line":23,"column":2},"end":{"line":23,"column":15}}},"fnMap":{"0":{"name":"(anonymous_0)","decl":{"start":{"line":8,"column":20},"end":{"line":8,"column":21}},"loc":{"start":{"line":8,"column":32},"end":{"line":15,"column":1}},"line":8},"1":{"name":"(anonymous_1)","decl":{"start":{"line":17,"column":15},"end":{"line":17,"column":16}},"loc":{"start":{"line":17,"column":28},"end":{"line":24,"column":1}},"line":17}},"branchMap":{"0":{"loc":{"start":{"line":9,"column":2},"end":{"line":11,"column":3}},"type":"if","locations":[{"start":{"line":9,"column":2},"end":{"line":11,"column":3}},{"start":{"line":9,"column":2},"end":{"line":11,"column":3}}],"line":9},"1":{"loc":{"start":{"line":9,"column":6},"end":{"line":9,"column":53}},"type":"binary-expr","locations":[{"start":{"line":9,"column":6},"end":{"line":9,"column":28}},{"start":{"line":9,"column":32},"end":{"line":9,"column":53}}],"line":9},"2":{"loc":{"start":{"line":19,"column":2},"end":{"line":22,"column":3}},"type":"if","locations":[{"start":{"line":19,"column":2},"end":{"line":22,"column":3}},{"start":{"line":19,"column":2},"end":{"line":22,"column":3}}],"line":19}},"s":{"0":5,"1":5,"2":14,"3":14,"4":0,"5":0,"6":0,"7":17,"8":14,"9":14,"10":14,"11":0},"f":{"0":14,"1":17},"b":{"0":[14,0],"1":[14,14],"2":[14,0]},"_coverageSchema":"332fd63041d2c1bcb487cc26dd0d5f7d97098a6c","hash":"77e75df3ff1efc3a2c8936a3ec7e4df1b5b71742"}
,"/Users/kellanriley/kornershop/Compass-Native/src/utilities/localization.js": {"path":"/Users/kellanriley/kornershop/Compass-Native/src/utilities/localization.js","statementMap":{},"fnMap":{},"branchMap":{},"s":{},"f":{},"b":{},"_coverageSchema":"332fd63041d2c1bcb487cc26dd0d5f7d97098a6c","hash":"a9fda05628d0128a4e0bfd5d82a31a33edab5e12"}
,"/Users/kellanriley/kornershop/Compass-Native/src/utilities/mapUtils.js": {"path":"/Users/kellanriley/kornershop/Compass-Native/src/utilities/mapUtils.js","statementMap":{"0":{"start":{"line":4,"column":27},"end":{"line":11,"column":1}},"1":{"start":{"line":5,"column":20},"end":{"line":7,"column":3}},"2":{"start":{"line":6,"column":4},"end":{"line":6,"column":37}},"3":{"start":{"line":8,"column":2},"end":{"line":10,"column":26}},"4":{"start":{"line":13,"column":28},"end":{"line":18,"column":1}},"5":{"start":{"line":14,"column":15},"end":{"line":16,"column":3}},"6":{"start":{"line":17,"column":2},"end":{"line":17,"column":57}},"7":{"start":{"line":20,"column":34},"end":{"line":25,"column":1}},"8":{"start":{"line":21,"column":15},"end":{"line":23,"column":3}},"9":{"start":{"line":24,"column":2},"end":{"line":24,"column":43}},"10":{"start":{"line":27,"column":28},"end":{"line":46,"column":1}},"11":{"start":{"line":28,"column":19},"end":{"line":28,"column":156}},"12":{"start":{"line":29,"column":17},"end":{"line":29,"column":36}},"13":{"start":{"line":30,"column":28},"end":{"line":36,"column":3}},"14":{"start":{"line":32,"column":30},"end":{"line":32,"column":133}},"15":{"start":{"line":33,"column":27},"end":{"line":33,"column":53}},"16":{"start":{"line":34,"column":6},"end":{"line":34,"column":43}},"17":{"start":{"line":37,"column":2},"end":{"line":45,"column":6}},"18":{"start":{"line":37,"column":41},"end":{"line":45,"column":3}}},"fnMap":{"0":{"name":"(anonymous_0)","decl":{"start":{"line":4,"column":27},"end":{"line":4,"column":28}},"loc":{"start":{"line":4,"column":34},"end":{"line":11,"column":1}},"line":4},"1":{"name":"(anonymous_1)","decl":{"start":{"line":5,"column":29},"end":{"line":5,"column":30}},"loc":{"start":{"line":6,"column":4},"end":{"line":6,"column":37}},"line":6},"2":{"name":"(anonymous_2)","decl":{"start":{"line":13,"column":28},"end":{"line":13,"column":29}},"loc":{"start":{"line":13,"column":63},"end":{"line":18,"column":1}},"line":13},"3":{"name":"(anonymous_3)","decl":{"start":{"line":20,"column":34},"end":{"line":20,"column":35}},"loc":{"start":{"line":20,"column":47},"end":{"line":25,"column":1}},"line":20},"4":{"name":"(anonymous_4)","decl":{"start":{"line":27,"column":28},"end":{"line":27,"column":29}},"loc":{"start":{"line":27,"column":57},"end":{"line":46,"column":1}},"line":27},"5":{"name":"(anonymous_5)","decl":{"start":{"line":31,"column":23},"end":{"line":31,"column":24}},"loc":{"start":{"line":31,"column":38},"end":{"line":35,"column":5}},"line":31},"6":{"name":"(anonymous_6)","decl":{"start":{"line":37,"column":31},"end":{"line":37,"column":32}},"loc":{"start":{"line":37,"column":41},"end":{"line":45,"column":3}},"line":37}},"branchMap":{"0":{"loc":{"start":{"line":8,"column":9},"end":{"line":10,"column":25}},"type":"cond-expr","locations":[{"start":{"line":9,"column":6},"end":{"line":9,"column":26}},{"start":{"line":10,"column":6},"end":{"line":10,"column":25}}],"line":8}},"s":{"0":4,"1":3,"2":21,"3":3,"4":4,"5":2,"6":2,"7":4,"8":2,"9":2,"10":4,"11":4,"12":4,"13":4,"14":8,"15":8,"16":6,"17":3,"18":6},"f":{"0":3,"1":21,"2":2,"3":2,"4":4,"5":8,"6":6},"b":{"0":[3,0]},"_coverageSchema":"332fd63041d2c1bcb487cc26dd0d5f7d97098a6c","hash":"14c2a16e6961531a5f0ecaa657bd562756f4175e"}
,"/Users/kellanriley/kornershop/Compass-Native/src/utilities/orientation.js": {"path":"/Users/kellanriley/kornershop/Compass-Native/src/utilities/orientation.js","statementMap":{"0":{"start":{"line":3,"column":21},"end":{"line":3,"column":31}},"1":{"start":{"line":4,"column":20},"end":{"line":4,"column":30}},"2":{"start":{"line":5,"column":2},"end":{"line":9,"column":3}},"3":{"start":{"line":6,"column":4},"end":{"line":8,"column":6}},"4":{"start":{"line":10,"column":2},"end":{"line":14,"column":3}},"5":{"start":{"line":11,"column":4},"end":{"line":11,"column":23}},"6":{"start":{"line":13,"column":4},"end":{"line":13,"column":22}},"7":{"start":{"line":15,"column":2},"end":{"line":19,"column":4}}},"fnMap":{"0":{"name":"(anonymous_0)","decl":{"start":{"line":1,"column":15},"end":{"line":1,"column":16}},"loc":{"start":{"line":1,"column":29},"end":{"line":20,"column":1}},"line":1}},"branchMap":{"0":{"loc":{"start":{"line":5,"column":2},"end":{"line":9,"column":3}},"type":"if","locations":[{"start":{"line":5,"column":2},"end":{"line":9,"column":3}},{"start":{"line":5,"column":2},"end":{"line":9,"column":3}}],"line":5},"1":{"loc":{"start":{"line":5,"column":6},"end":{"line":5,"column":45}},"type":"binary-expr","locations":[{"start":{"line":5,"column":6},"end":{"line":5,"column":24}},{"start":{"line":5,"column":28},"end":{"line":5,"column":45}}],"line":5},"2":{"loc":{"start":{"line":10,"column":2},"end":{"line":14,"column":3}},"type":"if","locations":[{"start":{"line":10,"column":2},"end":{"line":14,"column":3}},{"start":{"line":10,"column":2},"end":{"line":14,"column":3}}],"line":10}},"s":{"0":1,"1":1,"2":1,"3":0,"4":1,"5":0,"6":1,"7":1},"f":{"0":1},"b":{"0":[0,1],"1":[1,1],"2":[0,1]},"_coverageSchema":"332fd63041d2c1bcb487cc26dd0d5f7d97098a6c","hash":"2d30b1e5e84d56577b81ff8ed5f9195045dc2dec"}
}
