TN:
SF:/Users/kellanriley/kornershop/Compass-Native/App.js
FN:8,(anonymous_0)
FNF:1
FNH:1
FNDA:1,(anonymous_0)
DA:9,1
LF:1
LH:1
BRF:0
BRH:0
end_of_record
TN:
SF:/Users/kellanriley/kornershop/Compass-Native/src/Main.js
FN:31,(anonymous_0)
FN:42,(anonymous_1)
FN:47,(anonymous_2)
FN:63,(anonymous_3)
FN:66,(anonymous_4)
FN:79,(anonymous_5)
FN:83,(anonymous_6)
FN:90,(anonymous_7)
FN:109,(anonymous_8)
FNF:9
FNH:3
FNDA:4,(anonymous_0)
FNDA:0,(anonymous_1)
FNDA:0,(anonymous_2)
FNDA:0,(anonymous_3)
FNDA:0,(anonymous_4)
FNDA:4,(anonymous_5)
FNDA:0,(anonymous_6)
FNDA:8,(anonymous_7)
FNDA:0,(anonymous_8)
DA:32,4
DA:33,4
DA:37,4
DA:40,4
DA:44,0
DA:45,0
DA:48,0
DA:49,0
DA:50,0
DA:53,0
DA:54,0
DA:57,0
DA:60,0
DA:64,0
DA:67,0
DA:72,0
DA:75,0
DA:80,4
DA:84,0
DA:91,8
DA:92,4
DA:98,4
DA:104,2
DA:109,2
DA:117,2
LF:25
LH:11
BRDA:53,0,0,0
BRDA:53,0,1,0
BRDA:91,1,0,4
BRDA:91,1,1,4
BRDA:98,2,0,1
BRDA:98,2,1,3
BRF:6
BRH:4
end_of_record
TN:
SF:/Users/kellanriley/kornershop/Compass-Native/src/components/Anchor.js
FN:5,(anonymous_0)
FN:6,(anonymous_1)
FNF:2
FNH:0
FNDA:0,(anonymous_0)
FNDA:0,(anonymous_1)
DA:5,2
DA:6,0
DA:7,0
DA:8,0
DA:10,0
DA:17,2
LF:6
LH:2
BRDA:8,0,0,0
BRDA:8,0,1,0
BRF:2
BRH:0
end_of_record
TN:
SF:/Users/kellanriley/kornershop/Compass-Native/src/components/EligibilityButton.js
FN:7,(anonymous_0)
FN:28,(anonymous_1)
FN:29,(anonymous_2)
FNF:3
FNH:0
FNDA:0,(anonymous_0)
FNDA:0,(anonymous_1)
FNDA:0,(anonymous_2)
DA:7,2
DA:8,0
DA:28,0
DA:29,0
DA:33,2
LF:5
LH:2
BRDA:24,0,0,0
BRDA:24,0,1,0
BRF:2
BRH:0
end_of_record
TN:
SF:/Users/kellanriley/kornershop/Compass-Native/src/components/MapBrowser.js
FN:7,(anonymous_0)
FN:17,(anonymous_1)
FN:28,(anonymous_2)
FN:33,(anonymous_3)
FNF:4
FNH:0
FNDA:0,(anonymous_0)
FNDA:0,(anonymous_1)
FNDA:0,(anonymous_2)
FNDA:0,(anonymous_3)
DA:7,2
DA:17,0
DA:18,0
DA:20,0
DA:26,0
DA:28,0
DA:29,0
DA:33,0
DA:34,0
DA:35,0
DA:37,0
DA:46,2
LF:12
LH:2
BRDA:20,0,0,0
BRDA:20,0,1,0
BRDA:20,1,0,0
BRDA:20,1,1,0
BRDA:30,2,0,0
BRDA:30,2,1,0
BRF:6
BRH:0
end_of_record
TN:
SF:/Users/kellanriley/kornershop/Compass-Native/src/components/MarkerView.js
FN:8,(anonymous_0)
FNF:1
FNH:0
FNDA:0,(anonymous_0)
DA:8,2
DA:19,0
DA:57,2
LF:3
LH:2
BRF:0
BRH:0
end_of_record
TN:
SF:/Users/kellanriley/kornershop/Compass-Native/src/components/SubmitButton.js
FN:6,(anonymous_0)
FNF:1
FNH:0
FNDA:0,(anonymous_0)
DA:6,2
DA:7,0
DA:31,2
LF:3
LH:2
BRDA:11,0,0,0
BRDA:11,0,1,0
BRDA:12,1,0,0
BRDA:12,1,1,0
BRDA:13,2,0,0
BRDA:13,2,1,0
BRDA:16,3,0,0
BRDA:16,3,1,0
BRDA:17,4,0,0
BRDA:17,4,1,0
BRDA:18,5,0,0
BRDA:18,5,1,0
BRDA:21,6,0,0
BRDA:21,6,1,0
BRDA:23,7,0,0
BRDA:23,7,1,0
BRDA:24,8,0,0
BRDA:24,8,1,0
BRDA:26,9,0,0
BRDA:26,9,1,0
BRF:20
BRH:0
end_of_record
TN:
SF:/Users/kellanriley/kornershop/Compass-Native/src/components/styled/Styled.js
FN:3,(anonymous_0)
FN:16,(anonymous_1)
FN:29,(anonymous_2)
FN:42,(anonymous_3)
FN:55,(anonymous_4)
FN:81,(anonymous_5)
FN:82,(anonymous_6)
FN:94,(anonymous_7)
FN:102,(anonymous_8)
FN:106,(anonymous_9)
FN:116,(anonymous_10)
FN:133,(anonymous_11)
FN:136,(anonymous_12)
FNF:13
FNH:0
FNDA:0,(anonymous_0)
FNDA:0,(anonymous_1)
FNDA:0,(anonymous_2)
FNDA:0,(anonymous_3)
FNDA:0,(anonymous_4)
FNDA:0,(anonymous_5)
FNDA:0,(anonymous_6)
FNDA:0,(anonymous_7)
FNDA:0,(anonymous_8)
FNDA:0,(anonymous_9)
FNDA:0,(anonymous_10)
FNDA:0,(anonymous_11)
FNDA:0,(anonymous_12)
DA:3,2
DA:4,0
DA:6,0
DA:8,0
DA:10,0
DA:12,0
DA:16,2
DA:17,0
DA:19,0
DA:21,0
DA:23,0
DA:25,0
DA:29,2
DA:30,0
DA:32,0
DA:34,0
DA:36,0
DA:38,0
DA:42,2
DA:43,0
DA:45,0
DA:47,0
DA:49,0
DA:51,0
DA:55,2
DA:56,0
DA:58,0
DA:60,0
DA:62,0
DA:64,0
DA:68,2
DA:77,2
DA:81,0
DA:82,0
DA:85,2
DA:91,2
DA:94,0
DA:99,2
DA:102,0
DA:105,2
DA:106,0
DA:115,2
DA:116,0
DA:125,2
DA:131,2
DA:133,0
DA:136,0
DA:139,2
DA:146,2
DA:152,2
LF:50
LH:17
BRDA:4,0,0,0
BRDA:4,0,1,0
BRDA:4,0,2,0
BRDA:4,0,3,0
BRDA:17,1,0,0
BRDA:17,1,1,0
BRDA:17,1,2,0
BRDA:17,1,3,0
BRDA:30,2,0,0
BRDA:30,2,1,0
BRDA:30,2,2,0
BRDA:30,2,3,0
BRDA:43,3,0,0
BRDA:43,3,1,0
BRDA:43,3,2,0
BRDA:43,3,3,0
BRDA:56,4,0,0
BRDA:56,4,1,0
BRDA:56,4,2,0
BRDA:56,4,3,0
BRDA:133,5,0,0
BRDA:133,5,1,0
BRDA:136,6,0,0
BRDA:136,6,1,0
BRF:24
BRH:0
end_of_record
TN:
SF:/Users/kellanriley/kornershop/Compass-Native/src/containers/Eligible.js
FN:18,(anonymous_0)
FN:68,(anonymous_1)
FNF:2
FNH:0
FNDA:0,(anonymous_0)
FNDA:0,(anonymous_1)
DA:18,2
DA:19,0
DA:63,2
DA:68,2
LF:4
LH:3
BRF:0
BRH:0
end_of_record
TN:
SF:/Users/kellanriley/kornershop/Compass-Native/src/containers/Ineligible.js
FN:18,(anonymous_0)
FN:69,(anonymous_1)
FNF:2
FNH:0
FNDA:0,(anonymous_0)
FNDA:0,(anonymous_1)
DA:18,2
DA:19,0
DA:64,2
DA:69,2
LF:4
LH:3
BRF:0
BRH:0
end_of_record
TN:
SF:/Users/kellanriley/kornershop/Compass-Native/src/containers/Map.js
FN:29,(anonymous_0)
FN:33,(anonymous_1)
FN:36,(anonymous_2)
FN:46,(anonymous_3)
FN:127,(anonymous_4)
FNF:5
FNH:0
FNDA:0,(anonymous_0)
FNDA:0,(anonymous_1)
FNDA:0,(anonymous_2)
FNDA:0,(anonymous_3)
FNDA:0,(anonymous_4)
DA:30,0
DA:31,0
DA:34,0
DA:37,0
DA:38,0
DA:40,0
DA:42,0
DA:43,0
DA:47,0
DA:63,0
DA:66,0
DA:67,0
DA:128,0
DA:162,0
DA:170,2
DA:175,2
LF:16
LH:2
BRDA:37,0,0,0
BRDA:37,0,1,0
BRDA:40,1,0,0
BRDA:40,1,1,0
BRDA:63,2,0,0
BRDA:63,2,1,0
BRDA:66,3,0,0
BRDA:66,3,1,0
BRDA:88,4,0,0
BRDA:88,4,1,0
BRDA:124,5,0,0
BRDA:124,5,1,0
BRF:12
BRH:0
end_of_record
TN:
SF:/Users/kellanriley/kornershop/Compass-Native/src/containers/NavigationProvider.js
FN:8,(anonymous_0)
FNF:1
FNH:0
FNDA:0,(anonymous_0)
DA:9,0
LF:1
LH:0
BRF:0
BRH:0
end_of_record
TN:
SF:/Users/kellanriley/kornershop/Compass-Native/src/containers/Office.js
FN:16,(anonymous_0)
FN:17,(anonymous_1)
FN:43,(anonymous_2)
FN:81,(anonymous_3)
FN:93,(anonymous_4)
FN:131,(anonymous_5)
FNF:6
FNH:0
FNDA:0,(anonymous_0)
FNDA:0,(anonymous_1)
FNDA:0,(anonymous_2)
FNDA:0,(anonymous_3)
FNDA:0,(anonymous_4)
FNDA:0,(anonymous_5)
DA:16,2
DA:17,0
DA:18,0
DA:19,0
DA:21,0
DA:43,0
DA:81,0
DA:93,0
DA:131,0
DA:149,2
LF:10
LH:2
BRF:0
BRH:0
end_of_record
TN:
SF:/Users/kellanriley/kornershop/Compass-Native/src/containers/Onboard.js
FNF:0
FNH:0
LF:0
LH:0
BRF:0
BRH:0
end_of_record
TN:
SF:/Users/kellanriley/kornershop/Compass-Native/src/containers/WicForm.js
FN:21,(anonymous_0)
FN:59,(anonymous_1)
FN:83,(anonymous_2)
FN:148,(anonymous_3)
FNF:4
FNH:0
FNDA:0,(anonymous_0)
FNDA:0,(anonymous_1)
FNDA:0,(anonymous_2)
FNDA:0,(anonymous_3)
DA:21,2
DA:22,0
DA:60,0
DA:61,0
DA:62,0
DA:66,0
DA:84,0
DA:85,0
DA:90,0
DA:94,0
DA:150,0
DA:152,0
DA:157,0
DA:162,0
DA:167,0
DA:173,0
DA:183,0
DA:184,0
DA:188,0
DA:189,0
DA:193,0
DA:194,0
DA:205,2
LF:23
LH:2
BRDA:56,0,0,0
BRDA:56,0,1,0
BRDA:61,1,0,0
BRDA:61,1,1,0
BRDA:61,2,0,0
BRDA:61,2,1,0
BRDA:80,3,0,0
BRDA:80,3,1,0
BRDA:85,4,0,0
BRDA:85,4,1,0
BRDA:150,5,0,0
BRDA:150,5,1,0
BRDA:162,6,0,0
BRDA:162,6,1,0
BRDA:163,7,0,0
BRDA:163,7,1,0
BRDA:163,7,2,0
BRDA:183,8,0,0
BRDA:183,8,1,0
BRDA:188,9,0,0
BRDA:188,9,1,0
BRDA:193,10,0,0
BRDA:193,10,1,0
BRF:23
BRH:0
end_of_record
TN:
SF:/Users/kellanriley/kornershop/Compass-Native/src/containers/ZipModal.js
FN:17,(anonymous_0)
FN:25,(anonymous_1)
FN:28,(anonymous_2)
FN:64,(anonymous_3)
FN:84,(anonymous_4)
FN:93,(anonymous_5)
FNF:6
FNH:0
FNDA:0,(anonymous_0)
FNDA:0,(anonymous_1)
FNDA:0,(anonymous_2)
FNDA:0,(anonymous_3)
FNDA:0,(anonymous_4)
FNDA:0,(anonymous_5)
DA:18,0
DA:19,0
DA:23,0
DA:26,0
DA:29,0
DA:65,0
DA:66,0
DA:67,0
DA:71,0
DA:85,0
DA:86,0
DA:87,0
DA:88,0
DA:89,0
DA:91,0
DA:94,0
DA:95,0
DA:96,0
DA:97,0
DA:98,0
DA:100,0
DA:109,2
LF:22
LH:1
BRDA:61,0,0,0
BRDA:61,0,1,0
BRDA:66,1,0,0
BRDA:66,1,1,0
BRDA:85,2,0,0
BRDA:85,2,1,0
BRDA:85,3,0,0
BRDA:85,3,1,0
BRDA:94,4,0,0
BRDA:94,4,1,0
BRDA:94,5,0,0
BRDA:94,5,1,0
BRF:12
BRH:0
end_of_record
TN:
SF:/Users/kellanriley/kornershop/Compass-Native/src/navigation/RootNavigation.js
FN:17,(anonymous_0)
FN:30,(anonymous_1)
FN:46,(anonymous_2)
FN:60,(anonymous_3)
FNF:4
FNH:0
FNDA:0,(anonymous_0)
FNDA:0,(anonymous_1)
FNDA:0,(anonymous_2)
FNDA:0,(anonymous_3)
DA:18,0
DA:31,0
DA:47,0
DA:61,0
LF:4
LH:0
BRDA:31,0,0,0
BRDA:31,0,1,0
BRF:2
BRH:0
end_of_record
TN:
SF:/Users/kellanriley/kornershop/Compass-Native/src/navigation/Router.js
FN:8,(anonymous_0)
FN:9,(anonymous_1)
FN:10,(anonymous_2)
FN:11,(anonymous_3)
FN:12,(anonymous_4)
FNF:5
FNH:0
FNDA:0,(anonymous_0)
FNDA:0,(anonymous_1)
FNDA:0,(anonymous_2)
FNDA:0,(anonymous_3)
FNDA:0,(anonymous_4)
DA:8,0
DA:9,0
DA:10,0
DA:11,0
DA:12,0
LF:5
LH:0
BRF:0
BRH:0
end_of_record
TN:
SF:/Users/kellanriley/kornershop/Compass-Native/src/redux/initialState.js
FNF:0
FNH:0
LF:0
LH:0
BRF:0
BRH:0
end_of_record
TN:
SF:/Users/kellanriley/kornershop/Compass-Native/src/redux/store.js
FNF:0
FNH:0
LF:0
LH:0
BRF:0
BRH:0
end_of_record
TN:
SF:/Users/kellanriley/kornershop/Compass-Native/src/redux/actions/actionCreators.js
FN:18,(anonymous_0)
FN:18,(anonymous_1)
FN:25,(anonymous_2)
FN:25,(anonymous_3)
FN:33,(anonymous_4)
FN:33,(anonymous_5)
FN:40,(anonymous_6)
FN:40,(anonymous_7)
FN:48,(anonymous_8)
FN:68,(anonymous_9)
FN:68,(anonymous_10)
FNF:11
FNH:11
FNDA:1,(anonymous_0)
FNDA:1,(anonymous_1)
FNDA:1,(anonymous_2)
FNDA:1,(anonymous_3)
FNDA:1,(anonymous_4)
FNDA:1,(anonymous_5)
FNDA:1,(anonymous_6)
FNDA:1,(anonymous_7)
FNDA:3,(anonymous_8)
FNDA:2,(anonymous_9)
FNDA:2,(anonymous_10)
DA:18,3
DA:19,1
DA:22,1
DA:25,3
DA:26,1
DA:30,1
DA:33,3
DA:34,1
DA:37,1
DA:40,3
DA:41,1
DA:42,1
DA:43,1
DA:48,3
DA:56,3
DA:57,3
DA:58,3
DA:60,0
DA:61,0
DA:63,3
DA:64,2
DA:65,2
DA:68,3
DA:69,2
DA:70,2
DA:71,2
DA:72,1
DA:76,1
DA:78,2
DA:79,2
LF:30
LH:28
BRDA:20,0,0,1
BRDA:20,0,1,0
BRDA:27,1,0,1
BRDA:27,1,1,0
BRDA:56,2,0,3
BRDA:56,2,1,0
BRDA:71,3,0,1
BRDA:71,3,1,1
BRF:8
BRH:5
end_of_record
TN:
SF:/Users/kellanriley/kornershop/Compass-Native/src/redux/actions/actions.js
FN:3,(anonymous_0)
FN:8,(anonymous_1)
FN:13,(anonymous_2)
FN:18,(anonymous_3)
FN:23,(anonymous_4)
FN:28,(anonymous_5)
FN:33,(anonymous_6)
FN:38,(anonymous_7)
FN:43,(anonymous_8)
FN:48,(anonymous_9)
FNF:10
FNH:10
FNDA:3,(anonymous_0)
FNDA:1,(anonymous_1)
FNDA:3,(anonymous_2)
FNDA:1,(anonymous_3)
FNDA:1,(anonymous_4)
FNDA:3,(anonymous_5)
FNDA:8,(anonymous_6)
FNDA:7,(anonymous_7)
FNDA:4,(anonymous_8)
FNDA:1,(anonymous_9)
DA:3,4
DA:8,4
DA:13,4
DA:18,4
DA:23,4
DA:28,4
DA:33,8
DA:38,7
DA:43,4
DA:48,4
LF:10
LH:10
BRF:0
BRH:0
end_of_record
TN:
SF:/Users/kellanriley/kornershop/Compass-Native/src/redux/actions/types.js
FNF:0
FNH:0
DA:1,5
DA:2,5
DA:3,5
DA:4,5
DA:5,5
DA:6,5
DA:7,5
DA:8,5
DA:9,5
DA:10,5
LF:10
LH:10
BRF:0
BRH:0
end_of_record
TN:
SF:/Users/kellanriley/kornershop/Compass-Native/src/redux/reducers/index.js
FNF:0
FNH:0
LF:0
LH:0
BRF:0
BRH:0
end_of_record
TN:
SF:/Users/kellanriley/kornershop/Compass-Native/src/redux/reducers/language.js
FN:4,(anonymous_0)
FNF:1
FNH:1
FNDA:16,(anonymous_0)
DA:5,16
DA:7,1
DA:9,15
LF:3
LH:3
BRDA:4,0,0,6
BRDA:5,1,0,1
BRDA:5,1,1,15
BRF:3
BRH:3
end_of_record
TN:
SF:/Users/kellanriley/kornershop/Compass-Native/src/redux/reducers/location.js
FN:4,(anonymous_0)
FNF:1
FNH:1
FNDA:16,(anonymous_0)
DA:5,16
DA:7,1
DA:13,15
LF:3
LH:3
BRDA:4,0,0,6
BRDA:5,1,0,1
BRDA:5,1,1,15
BRF:3
BRH:3
end_of_record
TN:
SF:/Users/kellanriley/kornershop/Compass-Native/src/redux/reducers/locationProvided.js
FN:4,(anonymous_0)
FNF:1
FNH:1
FNDA:16,(anonymous_0)
DA:8,16
DA:10,1
DA:12,15
LF:3
LH:3
BRDA:5,0,0,6
BRDA:8,1,0,1
BRDA:8,1,1,15
BRF:3
BRH:3
end_of_record
TN:
SF:/Users/kellanriley/kornershop/Compass-Native/src/redux/reducers/mapLoading.js
FN:4,(anonymous_0)
FNF:1
FNH:1
FNDA:16,(anonymous_0)
DA:5,16
DA:7,1
DA:9,15
LF:3
LH:3
BRDA:4,0,0,6
BRDA:5,1,0,1
BRDA:5,1,1,15
BRF:3
BRH:3
end_of_record
TN:
SF:/Users/kellanriley/kornershop/Compass-Native/src/redux/reducers/office.js
FN:4,(anonymous_0)
FNF:1
FNH:1
FNDA:16,(anonymous_0)
DA:5,16
DA:7,1
DA:9,15
LF:3
LH:3
BRDA:4,0,0,6
BRDA:5,1,0,1
BRDA:5,1,1,15
BRF:3
BRH:3
end_of_record
TN:
SF:/Users/kellanriley/kornershop/Compass-Native/src/redux/reducers/orientation.js
FN:4,(anonymous_0)
FNF:1
FNH:1
FNDA:16,(anonymous_0)
DA:5,16
DA:7,1
DA:9,15
LF:3
LH:3
BRDA:4,0,0,6
BRDA:5,1,0,1
BRDA:5,1,1,15
BRF:3
BRH:3
end_of_record
TN:
SF:/Users/kellanriley/kornershop/Compass-Native/src/redux/reducers/snapOffices.js
FN:4,(anonymous_0)
FNF:1
FNH:1
FNDA:16,(anonymous_0)
DA:5,16
DA:8,1
DA:10,15
LF:3
LH:3
BRDA:4,0,0,6
BRDA:5,1,0,1
BRDA:5,1,1,15
BRF:3
BRH:3
end_of_record
TN:
SF:/Users/kellanriley/kornershop/Compass-Native/src/redux/reducers/wicEligible.js
FN:4,(anonymous_0)
FNF:1
FNH:1
FNDA:16,(anonymous_0)
DA:5,16
DA:7,1
DA:9,15
LF:3
LH:3
BRDA:4,0,0,6
BRDA:5,1,0,1
BRDA:5,1,1,15
BRF:3
BRH:3
end_of_record
TN:
SF:/Users/kellanriley/kornershop/Compass-Native/src/redux/reducers/wicOffices.js
FN:4,(anonymous_0)
FNF:1
FNH:1
FNDA:16,(anonymous_0)
DA:5,16
DA:8,1
DA:10,15
LF:3
LH:3
BRDA:4,0,0,6
BRDA:5,1,0,1
BRDA:5,1,1,15
BRF:3
BRH:3
end_of_record
TN:
SF:/Users/kellanriley/kornershop/Compass-Native/src/redux/reducers/zipCode.js
FN:4,(anonymous_0)
FNF:1
FNH:1
FNDA:16,(anonymous_0)
DA:5,16
DA:7,1
DA:9,15
LF:3
LH:3
BRDA:4,0,0,6
BRDA:5,1,0,1
BRDA:5,1,1,15
BRF:3
BRH:3
end_of_record
TN:
SF:/Users/kellanriley/kornershop/Compass-Native/src/screens/Resources.js
FN:31,(anonymous_0)
FN:46,(anonymous_1)
FN:85,(anonymous_2)
FN:90,(anonymous_3)
FN:95,(anonymous_4)
FN:189,(anonymous_5)
FN:209,(anonymous_6)
FNF:7
FNH:0
FNDA:0,(anonymous_0)
FNDA:0,(anonymous_1)
FNDA:0,(anonymous_2)
FNDA:0,(anonymous_3)
FNDA:0,(anonymous_4)
FNDA:0,(anonymous_5)
FNDA:0,(anonymous_6)
DA:32,0
DA:33,0
DA:37,0
DA:40,0
DA:41,0
DA:42,0
DA:47,0
DA:50,0
DA:52,0
DA:55,0
DA:57,0
DA:62,0
DA:65,0
DA:69,0
DA:75,0
DA:78,0
DA:82,0
DA:86,0
DA:91,0
DA:96,0
DA:97,0
DA:99,0
DA:100,0
DA:117,0
DA:138,2
DA:143,2
DA:189,2
DA:198,0
DA:209,2
LF:29
LH:4
BRDA:50,0,0,0
BRDA:50,0,1,0
BRDA:55,1,0,0
BRDA:55,1,1,0
BRDA:96,2,0,0
BRDA:96,2,1,0
BRDA:99,3,0,0
BRDA:99,3,1,0
BRF:8
BRH:0
end_of_record
TN:
SF:/Users/kellanriley/kornershop/Compass-Native/src/screens/Snap.js
FN:13,(anonymous_0)
FN:35,(anonymous_1)
FN:48,(anonymous_2)
FNF:3
FNH:0
FNDA:0,(anonymous_0)
FNDA:0,(anonymous_1)
FNDA:0,(anonymous_2)
DA:13,2
DA:14,0
DA:15,0
DA:16,0
DA:36,0
DA:44,2
DA:48,2
LF:7
LH:3
BRDA:15,0,0,0
BRDA:15,0,1,0
BRF:2
BRH:0
end_of_record
TN:
SF:/Users/kellanriley/kornershop/Compass-Native/src/screens/Welcome.js
FN:24,(anonymous_0)
FN:33,(anonymous_1)
FN:44,(anonymous_2)
FN:49,(anonymous_3)
FN:73,(anonymous_4)
FN:124,(anonymous_5)
FN:128,(anonymous_6)
FNF:7
FNH:0
FNDA:0,(anonymous_0)
FNDA:0,(anonymous_1)
FNDA:0,(anonymous_2)
FNDA:0,(anonymous_3)
FNDA:0,(anonymous_4)
FNDA:0,(anonymous_5)
FNDA:0,(anonymous_6)
DA:25,0
DA:26,0
DA:30,0
DA:34,0
DA:35,0
DA:36,0
DA:37,0
DA:39,0
DA:41,0
DA:42,0
DA:45,0
DA:49,0
DA:74,0
DA:112,2
DA:124,2
DA:128,2
LF:16
LH:3
BRDA:35,0,0,0
BRDA:35,0,1,0
BRDA:58,1,0,0
BRDA:58,1,1,0
BRF:4
BRH:0
end_of_record
TN:
SF:/Users/kellanriley/kornershop/Compass-Native/src/screens/Wic.js
FN:15,(anonymous_0)
FN:29,(anonymous_1)
FN:32,(anonymous_2)
FN:39,(anonymous_3)
FN:61,(anonymous_4)
FN:98,(anonymous_5)
FN:104,(anonymous_6)
FNF:7
FNH:0
FNDA:0,(anonymous_0)
FNDA:0,(anonymous_1)
FNDA:0,(anonymous_2)
FNDA:0,(anonymous_3)
FNDA:0,(anonymous_4)
FNDA:0,(anonymous_5)
FNDA:0,(anonymous_6)
DA:16,0
DA:17,0
DA:25,0
DA:26,0
DA:27,0
DA:30,0
DA:33,0
DA:40,0
DA:51,0
DA:56,0
DA:58,0
DA:62,0
DA:63,0
DA:65,0
DA:82,0
DA:84,0
DA:86,0
DA:91,2
DA:98,2
DA:104,2
LF:20
LH:3
BRDA:51,0,0,0
BRDA:51,0,1,0
BRDA:52,1,0,0
BRDA:52,1,1,0
BRDA:52,1,2,0
BRDA:63,2,0,0
BRDA:63,2,1,0
BRDA:63,2,2,0
BRDA:63,2,3,0
BRF:9
BRH:0
end_of_record
TN:
SF:/Users/kellanriley/kornershop/Compass-Native/src/utilities/cacheAssetsAsync.js
FN:4,(anonymous_0)
FN:5,(anonymous_1)
FN:12,(anonymous_2)
FN:13,(anonymous_3)
FNF:4
FNH:0
FNDA:0,(anonymous_0)
FNDA:0,(anonymous_1)
FNDA:0,(anonymous_2)
FNDA:0,(anonymous_3)
DA:4,2
DA:5,0
DA:6,0
DA:7,0
DA:9,0
DA:12,2
DA:13,0
DA:14,0
LF:8
LH:2
BRDA:6,0,0,0
BRDA:6,0,1,0
BRF:2
BRH:0
end_of_record
TN:
SF:/Users/kellanriley/kornershop/Compass-Native/src/utilities/config.js
FNF:0
FNH:0
DA:1,5
DA:2,5
LF:2
LH:2
BRF:0
BRH:0
end_of_record
TN:
SF:/Users/kellanriley/kornershop/Compass-Native/src/utilities/fetch.js
FN:8,(anonymous_0)
FN:17,(anonymous_1)
FNF:2
FNH:2
FNDA:14,(anonymous_0)
FNDA:17,(anonymous_1)
DA:3,5
DA:8,5
DA:9,14
DA:10,14
DA:12,0
DA:13,0
DA:14,0
DA:18,17
DA:19,14
DA:20,14
DA:21,14
DA:23,0
LF:12
LH:8
BRDA:9,0,0,14
BRDA:9,0,1,0
BRDA:9,1,0,14
BRDA:9,1,1,14
BRDA:19,2,0,14
BRDA:19,2,1,0
BRF:6
BRH:4
end_of_record
TN:
SF:/Users/kellanriley/kornershop/Compass-Native/src/utilities/localization.js
FNF:0
FNH:0
LF:0
LH:0
BRF:0
BRH:0
end_of_record
TN:
SF:/Users/kellanriley/kornershop/Compass-Native/src/utilities/mapUtils.js
FN:4,(anonymous_0)
FN:5,(anonymous_1)
FN:13,(anonymous_2)
FN:20,(anonymous_3)
FN:27,(anonymous_4)
FN:31,(anonymous_5)
FN:37,(anonymous_6)
FNF:7
FNH:7
FNDA:3,(anonymous_0)
FNDA:21,(anonymous_1)
FNDA:2,(anonymous_2)
FNDA:2,(anonymous_3)
FNDA:4,(anonymous_4)
FNDA:8,(anonymous_5)
FNDA:6,(anonymous_6)
DA:4,4
DA:5,3
DA:6,21
DA:8,3
DA:13,4
DA:14,2
DA:17,2
DA:20,4
DA:21,2
DA:24,2
DA:27,4
DA:28,4
DA:29,4
DA:30,4
DA:32,8
DA:33,8
DA:34,6
DA:37,6
LF:18
LH:18
BRDA:8,0,0,3
BRDA:8,0,1,0
BRF:2
BRH:1
end_of_record
TN:
SF:/Users/kellanriley/kornershop/Compass-Native/src/utilities/orientation.js
FN:1,(anonymous_0)
FNF:1
FNH:1
FNDA:1,(anonymous_0)
DA:3,1
DA:4,1
DA:5,1
DA:6,0
DA:10,1
DA:11,0
DA:13,1
DA:15,1
LF:8
LH:6
BRDA:5,0,0,0
BRDA:5,0,1,1
BRDA:5,1,0,1
BRDA:5,1,1,1
BRDA:10,2,0,0
BRDA:10,2,1,1
BRF:6
BRH:4
end_of_record
